{"/Users/rocco/Github/ecommerce-app-predators-fe/src/App.tsx": {"path":"/Users/rocco/Github/ecommerce-app-predators-fe/src/App.tsx","statementMap":{"0":{"start":{"line":1,"column":0},"end":{"line":1,"column":74}},"1":{"start":{"line":2,"column":0},"end":{"line":2,"column":44}},"2":{"start":{"line":3,"column":0},"end":{"line":3,"column":51}},"3":{"start":{"line":4,"column":0},"end":{"line":4,"column":48}},"4":{"start":{"line":5,"column":0},"end":{"line":5,"column":67}},"5":{"start":{"line":6,"column":0},"end":{"line":6,"column":51}},"6":{"start":{"line":10,"column":2},"end":{"line":22,"column":4}},"7":{"start":{"line":24,"column":0},"end":{"line":24,"column":19}}},"fnMap":{"0":{"name":"App","decl":{"start":{"line":9,"column":9},"end":{"line":9,"column":12}},"loc":{"start":{"line":9,"column":12},"end":{"line":23,"column":1}}}},"branchMap":{},"s":{"0":0,"1":0,"2":0,"3":0,"4":0,"5":0,"6":0,"7":0},"f":{"0":0},"b":{}}
,"/Users/rocco/Github/ecommerce-app-predators-fe/src/main.tsx": {"path":"/Users/rocco/Github/ecommerce-app-predators-fe/src/main.tsx","statementMap":{"0":{"start":{"line":1,"column":0},"end":{"line":1,"column":26}},"1":{"start":{"line":2,"column":0},"end":{"line":2,"column":40}},"2":{"start":{"line":3,"column":0},"end":{"line":3,"column":28}},"3":{"start":{"line":4,"column":0},"end":{"line":4,"column":40}},"4":{"start":{"line":5,"column":0},"end":{"line":5,"column":39}},"5":{"start":{"line":6,"column":0},"end":{"line":6,"column":21}},"6":{"start":{"line":8,"column":0},"end":{"line":16,"column":2}}},"fnMap":{},"branchMap":{},"s":{"0":0,"1":0,"2":0,"3":0,"4":0,"5":0,"6":0},"f":{},"b":{}}
,"/Users/rocco/Github/ecommerce-app-predators-fe/src/vite-env.d.ts": {"path":"/Users/rocco/Github/ecommerce-app-predators-fe/src/vite-env.d.ts","statementMap":{},"fnMap":{},"branchMap":{},"s":{},"f":{},"b":{}}
,"/Users/rocco/Github/ecommerce-app-predators-fe/src/components/ProductListing.tsx": {"path":"/Users/rocco/Github/ecommerce-app-predators-fe/src/components/ProductListing.tsx","statementMap":{"0":{"start":{"line":1,"column":0},"end":{"line":1,"column":34}},"1":{"start":{"line":2,"column":0},"end":{"line":2,"column":55}},"2":{"start":{"line":3,"column":0},"end":{"line":3,"column":62}},"3":{"start":{"line":6,"column":19},"end":{"line":7,"column":null}},"4":{"start":{"line":7,"column":44},"end":{"line":7,"column":63}},"5":{"start":{"line":9,"column":18},"end":{"line":10,"column":null}},"6":{"start":{"line":10,"column":47},"end":{"line":10,"column":69}},"7":{"start":{"line":12,"column":16},"end":{"line":13,"column":null}},"8":{"start":{"line":13,"column":45},"end":{"line":13,"column":65}},"9":{"start":{"line":15,"column":19},"end":{"line":15,"column":32}},"10":{"start":{"line":17,"column":2},"end":{"line":19,"column":17}},"11":{"start":{"line":18,"column":4},"end":{"line":18,"column":36}},"12":{"start":{"line":21,"column":2},"end":{"line":23,"column":null}},"13":{"start":{"line":22,"column":4},"end":{"line":22,"column":29}},"14":{"start":{"line":25,"column":2},"end":{"line":27,"column":null}},"15":{"start":{"line":26,"column":4},"end":{"line":26,"column":33}},"16":{"start":{"line":29,"column":2},"end":{"line":40,"column":4}},"17":{"start":{"line":34,"column":10},"end":{"line":34,"column":null}},"18":{"start":{"line":43,"column":0},"end":{"line":43,"column":30}}},"fnMap":{"0":{"name":"ProductListing","decl":{"start":{"line":5,"column":9},"end":{"line":5,"column":23}},"loc":{"start":{"line":5,"column":23},"end":{"line":41,"column":1}}},"1":{"name":"(anonymous_1)","decl":{"start":{"line":7,"column":4},"end":{"line":7,"column":5}},"loc":{"start":{"line":7,"column":44},"end":{"line":7,"column":63}}},"2":{"name":"(anonymous_2)","decl":{"start":{"line":10,"column":4},"end":{"line":10,"column":5}},"loc":{"start":{"line":10,"column":47},"end":{"line":10,"column":69}}},"3":{"name":"(anonymous_3)","decl":{"start":{"line":13,"column":4},"end":{"line":13,"column":5}},"loc":{"start":{"line":13,"column":45},"end":{"line":13,"column":65}}},"4":{"name":"(anonymous_4)","decl":{"start":{"line":17,"column":12},"end":{"line":17,"column":15}},"loc":{"start":{"line":17,"column":17},"end":{"line":19,"column":3}}},"5":{"name":"(anonymous_5)","decl":{"start":{"line":33,"column":13},"end":{"line":33,"column":14}},"loc":{"start":{"line":34,"column":10},"end":{"line":34,"column":null}}}},"branchMap":{"0":{"loc":{"start":{"line":21,"column":2},"end":{"line":23,"column":null}},"type":"if","locations":[{"start":{"line":21,"column":2},"end":{"line":23,"column":null}}]},"1":{"loc":{"start":{"line":25,"column":2},"end":{"line":27,"column":null}},"type":"if","locations":[{"start":{"line":25,"column":2},"end":{"line":27,"column":null}}]}},"s":{"0":0,"1":0,"2":0,"3":0,"4":0,"5":0,"6":0,"7":0,"8":0,"9":0,"10":0,"11":0,"12":0,"13":0,"14":0,"15":0,"16":0,"17":0,"18":0},"f":{"0":0,"1":0,"2":0,"3":0,"4":0,"5":0},"b":{"0":[0],"1":[0]}}
,"/Users/rocco/Github/ecommerce-app-predators-fe/src/components/index.tsx": {"path":"/Users/rocco/Github/ecommerce-app-predators-fe/src/components/index.tsx","statementMap":{"0":{"start":{"line":1,"column":0},"end":{"line":1,"column":8}},"1":{"start":{"line":1,"column":8},"end":{"line":1,"column":26}},"2":{"start":{"line":2,"column":0},"end":{"line":2,"column":8}},"3":{"start":{"line":2,"column":8},"end":{"line":2,"column":24}},"4":{"start":{"line":3,"column":0},"end":{"line":3,"column":8}},"5":{"start":{"line":3,"column":8},"end":{"line":3,"column":31}}},"fnMap":{"0":{"name":"(anonymous_1)","decl":{"start":{"line":1,"column":8},"end":{"line":1,"column":15}},"loc":{"start":{"line":1,"column":8},"end":{"line":1,"column":26}}},"1":{"name":"(anonymous_2)","decl":{"start":{"line":2,"column":8},"end":{"line":2,"column":15}},"loc":{"start":{"line":2,"column":8},"end":{"line":2,"column":24}}},"2":{"name":"(anonymous_3)","decl":{"start":{"line":3,"column":8},"end":{"line":3,"column":15}},"loc":{"start":{"line":3,"column":8},"end":{"line":3,"column":31}}}},"branchMap":{},"s":{"0":0,"1":0,"2":0,"3":0,"4":0,"5":0},"f":{"0":0,"1":0,"2":0},"b":{}}
,"/Users/rocco/Github/ecommerce-app-predators-fe/src/components/sample.tsx": {"path":"/Users/rocco/Github/ecommerce-app-predators-fe/src/components/sample.tsx","statementMap":{"0":{"start":{"line":1,"column":19},"end":{"line":3,"column":1}},"1":{"start":{"line":2,"column":4},"end":{"line":2,"column":null}},"2":{"start":{"line":1,"column":13},"end":{"line":1,"column":19}}},"fnMap":{"0":{"name":"(anonymous_0)","decl":{"start":{"line":1,"column":19},"end":{"line":1,"column":20}},"loc":{"start":{"line":1,"column":38},"end":{"line":3,"column":1}}}},"branchMap":{},"s":{"0":1,"1":1,"2":1},"f":{"0":1},"b":{}}
,"/Users/rocco/Github/ecommerce-app-predators-fe/src/components/product_form/Product_form.tsx": {"path":"/Users/rocco/Github/ecommerce-app-predators-fe/src/components/product_form/Product_form.tsx","statementMap":{"0":{"start":{"line":1,"column":0},"end":{"line":1,"column":42}},"1":{"start":{"line":2,"column":0},"end":{"line":2,"column":62}},"2":{"start":{"line":3,"column":0},"end":{"line":3,"column":39}},"3":{"start":{"line":4,"column":0},"end":{"line":4,"column":47}},"4":{"start":{"line":5,"column":0},"end":{"line":5,"column":46}},"5":{"start":{"line":20,"column":19},"end":{"line":20,"column":32}},"6":{"start":{"line":21,"column":26},"end":{"line":21,"column":38}},"7":{"start":{"line":22,"column":34},"end":{"line":22,"column":46}},"8":{"start":{"line":23,"column":30},"end":{"line":23,"column":42}},"9":{"start":{"line":24,"column":30},"end":{"line":24,"column":42}},"10":{"start":{"line":25,"column":28},"end":{"line":25,"column":40}},"11":{"start":{"line":26,"column":34},"end":{"line":26,"column":46}},"12":{"start":{"line":27,"column":35},"end":{"line":27,"column":50}},"13":{"start":{"line":28,"column":26},"end":{"line":28,"column":38}},"14":{"start":{"line":29,"column":34},"end":{"line":29,"column":49}},"15":{"start":{"line":32,"column":4},"end":{"line":32,"column":28}},"16":{"start":{"line":36,"column":4},"end":{"line":36,"column":29}},"17":{"start":{"line":40,"column":4},"end":{"line":40,"column":29}},"18":{"start":{"line":44,"column":4},"end":{"line":44,"column":30}},"19":{"start":{"line":48,"column":4},"end":{"line":48,"column":29}},"20":{"start":{"line":52,"column":4},"end":{"line":52,"column":32}},"21":{"start":{"line":56,"column":4},"end":{"line":56,"column":43}},"22":{"start":{"line":60,"column":4},"end":{"line":60,"column":28}},"23":{"start":{"line":63,"column":31},"end":{"line":72,"column":null}},"24":{"start":{"line":75,"column":4},"end":{"line":75,"column":23}},"25":{"start":{"line":76,"column":4},"end":{"line":76,"column":21}},"26":{"start":{"line":78,"column":4},"end":{"line":82,"column":null}},"27":{"start":{"line":79,"column":6},"end":{"line":79,"column":48}},"28":{"start":{"line":80,"column":6},"end":{"line":80,"column":24}},"29":{"start":{"line":81,"column":6},"end":{"line":81,"column":13}},"30":{"start":{"line":84,"column":4},"end":{"line":88,"column":null}},"31":{"start":{"line":85,"column":6},"end":{"line":85,"column":57}},"32":{"start":{"line":86,"column":6},"end":{"line":86,"column":24}},"33":{"start":{"line":87,"column":6},"end":{"line":87,"column":13}},"34":{"start":{"line":90,"column":4},"end":{"line":94,"column":null}},"35":{"start":{"line":91,"column":6},"end":{"line":91,"column":49}},"36":{"start":{"line":92,"column":6},"end":{"line":92,"column":24}},"37":{"start":{"line":93,"column":6},"end":{"line":93,"column":13}},"38":{"start":{"line":96,"column":4},"end":{"line":100,"column":null}},"39":{"start":{"line":97,"column":6},"end":{"line":97,"column":52}},"40":{"start":{"line":98,"column":6},"end":{"line":98,"column":24}},"41":{"start":{"line":99,"column":6},"end":{"line":99,"column":13}},"42":{"start":{"line":102,"column":4},"end":{"line":106,"column":null}},"43":{"start":{"line":103,"column":6},"end":{"line":103,"column":50}},"44":{"start":{"line":104,"column":6},"end":{"line":104,"column":24}},"45":{"start":{"line":105,"column":6},"end":{"line":105,"column":13}},"46":{"start":{"line":108,"column":4},"end":{"line":112,"column":null}},"47":{"start":{"line":109,"column":6},"end":{"line":109,"column":55}},"48":{"start":{"line":110,"column":6},"end":{"line":110,"column":24}},"49":{"start":{"line":111,"column":6},"end":{"line":111,"column":13}},"50":{"start":{"line":114,"column":4},"end":{"line":129,"column":null}},"51":{"start":{"line":116,"column":8},"end":{"line":116,"column":20}},"52":{"start":{"line":117,"column":8},"end":{"line":117,"column":21}},"53":{"start":{"line":118,"column":8},"end":{"line":118,"column":24}},"54":{"start":{"line":119,"column":8},"end":{"line":119,"column":20}},"55":{"start":{"line":120,"column":8},"end":{"line":120,"column":27}},"56":{"start":{"line":121,"column":8},"end":{"line":121,"column":21}},"57":{"start":{"line":122,"column":8},"end":{"line":122,"column":22}},"58":{"start":{"line":123,"column":8},"end":{"line":123,"column":21}},"59":{"start":{"line":124,"column":8},"end":{"line":124,"column":26}},"60":{"start":{"line":125,"column":8},"end":{"line":125,"column":18}},"61":{"start":{"line":128,"column":8},"end":{"line":128,"column":26}},"62":{"start":{"line":132,"column":24},"end":{"line":135,"column":3}},"63":{"start":{"line":133,"column":19},"end":{"line":133,"column":49}},"64":{"start":{"line":134,"column":4},"end":{"line":134,"column":66}},"65":{"start":{"line":134,"column":56},"end":{"line":134,"column":66}},"66":{"start":{"line":137,"column":4},"end":{"line":137,"column":null}},"67":{"start":{"line":137,"column":17},"end":{"line":137,"column":null}},"68":{"start":{"line":138,"column":2},"end":{"line":164,"column":null}},"69":{"start":{"line":19,"column":0},"end":{"line":19,"column":24}}},"fnMap":{"0":{"name":"Product_form","decl":{"start":{"line":19,"column":24},"end":{"line":19,"column":36}},"loc":{"start":{"line":19,"column":100},"end":{"line":165,"column":1}}},"1":{"name":"handleNameChange","decl":{"start":{"line":31,"column":11},"end":{"line":31,"column":27}},"loc":{"start":{"line":31,"column":60},"end":{"line":33,"column":3}}},"2":{"name":"handleDescriptionChange","decl":{"start":{"line":35,"column":11},"end":{"line":35,"column":34}},"loc":{"start":{"line":35,"column":70},"end":{"line":37,"column":3}}},"3":{"name":"handleStockChange","decl":{"start":{"line":39,"column":11},"end":{"line":39,"column":28}},"loc":{"start":{"line":39,"column":61},"end":{"line":41,"column":3}}},"4":{"name":"handleImageChange","decl":{"start":{"line":43,"column":11},"end":{"line":43,"column":28}},"loc":{"start":{"line":43,"column":61},"end":{"line":45,"column":3}}},"5":{"name":"handlePriceChange","decl":{"start":{"line":47,"column":11},"end":{"line":47,"column":28}},"loc":{"start":{"line":47,"column":61},"end":{"line":49,"column":3}}},"6":{"name":"handleCategoryChange","decl":{"start":{"line":51,"column":11},"end":{"line":51,"column":31}},"loc":{"start":{"line":51,"column":64},"end":{"line":53,"column":3}}},"7":{"name":"handleAvailabilityChange","decl":{"start":{"line":55,"column":11},"end":{"line":55,"column":35}},"loc":{"start":{"line":55,"column":69},"end":{"line":57,"column":3}}},"8":{"name":"handleDateChange","decl":{"start":{"line":59,"column":11},"end":{"line":59,"column":27}},"loc":{"start":{"line":59,"column":60},"end":{"line":61,"column":3}}},"9":{"name":"handleSubmit","decl":{"start":{"line":74,"column":11},"end":{"line":74,"column":23}},"loc":{"start":{"line":74,"column":57},"end":{"line":130,"column":3}}},"10":{"name":"(anonymous_10)","decl":{"start":{"line":115,"column":10},"end":{"line":115,"column":13}},"loc":{"start":{"line":115,"column":15},"end":{"line":126,"column":5}}},"11":{"name":"(anonymous_11)","decl":{"start":{"line":127,"column":11},"end":{"line":127,"column":14}},"loc":{"start":{"line":127,"column":16},"end":{"line":129,"column":5}}},"12":{"name":"(anonymous_12)","decl":{"start":{"line":132,"column":24},"end":{"line":132,"column":25}},"loc":{"start":{"line":132,"column":68},"end":{"line":135,"column":3}}}},"branchMap":{"0":{"loc":{"start":{"line":78,"column":4},"end":{"line":82,"column":null}},"type":"if","locations":[{"start":{"line":78,"column":4},"end":{"line":82,"column":null}}]},"1":{"loc":{"start":{"line":84,"column":4},"end":{"line":88,"column":null}},"type":"if","locations":[{"start":{"line":84,"column":4},"end":{"line":88,"column":null}}]},"2":{"loc":{"start":{"line":90,"column":4},"end":{"line":94,"column":null}},"type":"if","locations":[{"start":{"line":90,"column":4},"end":{"line":94,"column":null}}]},"3":{"loc":{"start":{"line":96,"column":4},"end":{"line":100,"column":null}},"type":"if","locations":[{"start":{"line":96,"column":4},"end":{"line":100,"column":null}}]},"4":{"loc":{"start":{"line":102,"column":4},"end":{"line":106,"column":null}},"type":"if","locations":[{"start":{"line":102,"column":4},"end":{"line":106,"column":null}}]},"5":{"loc":{"start":{"line":108,"column":4},"end":{"line":112,"column":null}},"type":"if","locations":[{"start":{"line":108,"column":4},"end":{"line":112,"column":null}}]},"6":{"loc":{"start":{"line":134,"column":4},"end":{"line":134,"column":66}},"type":"if","locations":[{"start":{"line":134,"column":4},"end":{"line":134,"column":66}}]},"7":{"loc":{"start":{"line":134,"column":8},"end":{"line":134,"column":54}},"type":"binary-expr","locations":[{"start":{"line":134,"column":8},"end":{"line":134,"column":31}},{"start":{"line":134,"column":35},"end":{"line":134,"column":54}}]},"8":{"loc":{"start":{"line":137,"column":4},"end":{"line":137,"column":null}},"type":"if","locations":[{"start":{"line":137,"column":4},"end":{"line":137,"column":null}}]},"9":{"loc":{"start":{"line":156,"column":214},"end":{"line":156,"column":242}},"type":"cond-expr","locations":[{"start":{"line":156,"column":226},"end":{"line":156,"column":232}},{"start":{"line":156,"column":235},"end":{"line":156,"column":242}}]},"10":{"loc":{"start":{"line":160,"column":155},"end":{"line":160,"column":188}},"type":"cond-expr","locations":[{"start":{"line":160,"column":166},"end":{"line":160,"column":179}},{"start":{"line":160,"column":182},"end":{"line":160,"column":188}}]}},"s":{"0":0,"1":0,"2":0,"3":0,"4":0,"5":0,"6":0,"7":0,"8":0,"9":0,"10":0,"11":0,"12":0,"13":0,"14":0,"15":0,"16":0,"17":0,"18":0,"19":0,"20":0,"21":0,"22":0,"23":0,"24":0,"25":0,"26":0,"27":0,"28":0,"29":0,"30":0,"31":0,"32":0,"33":0,"34":0,"35":0,"36":0,"37":0,"38":0,"39":0,"40":0,"41":0,"42":0,"43":0,"44":0,"45":0,"46":0,"47":0,"48":0,"49":0,"50":0,"51":0,"52":0,"53":0,"54":0,"55":0,"56":0,"57":0,"58":0,"59":0,"60":0,"61":0,"62":0,"63":0,"64":0,"65":0,"66":0,"67":0,"68":0,"69":0},"f":{"0":0,"1":0,"2":0,"3":0,"4":0,"5":0,"6":0,"7":0,"8":0,"9":0,"10":0,"11":0,"12":0},"b":{"0":[0],"1":[0],"2":[0],"3":[0],"4":[0],"5":[0],"6":[0],"7":[0,0],"8":[0],"9":[0,0],"10":[0,0]}}
,"/Users/rocco/Github/ecommerce-app-predators-fe/src/components/sidebar/Sidebar.tsx": {"path":"/Users/rocco/Github/ecommerce-app-predators-fe/src/components/sidebar/Sidebar.tsx","statementMap":{"0":{"start":{"line":1,"column":0},"end":{"line":1,"column":40}},"1":{"start":{"line":2,"column":0},"end":{"line":2,"column":57}},"2":{"start":{"line":3,"column":0},"end":{"line":3,"column":33}},"3":{"start":{"line":6,"column":27},"end":{"line":6,"column":42}},"4":{"start":{"line":8,"column":28},"end":{"line":10,"column":5}},"5":{"start":{"line":9,"column":8},"end":{"line":9,"column":null}},"6":{"start":{"line":12,"column":2},"end":{"line":90,"column":null}},"7":{"start":{"line":80,"column":36},"end":{"line":80,"column":53}},"8":{"start":{"line":5,"column":0},"end":{"line":5,"column":24}}},"fnMap":{"0":{"name":"Sidebar","decl":{"start":{"line":5,"column":24},"end":{"line":5,"column":31}},"loc":{"start":{"line":5,"column":31},"end":{"line":91,"column":1}}},"1":{"name":"(anonymous_2)","decl":{"start":{"line":8,"column":28},"end":{"line":8,"column":31}},"loc":{"start":{"line":8,"column":33},"end":{"line":10,"column":5}}},"2":{"name":"(anonymous_3)","decl":{"start":{"line":80,"column":30},"end":{"line":80,"column":33}},"loc":{"start":{"line":80,"column":36},"end":{"line":80,"column":53}}}},"branchMap":{"0":{"loc":{"start":{"line":14,"column":28},"end":{"line":14,"column":73}},"type":"cond-expr","locations":[{"start":{"line":14,"column":37},"end":{"line":14,"column":52}},{"start":{"line":14,"column":55},"end":{"line":14,"column":73}}]},"1":{"loc":{"start":{"line":80,"column":69},"end":{"line":80,"column":110}},"type":"cond-expr","locations":[{"start":{"line":80,"column":77},"end":{"line":80,"column":93}},{"start":{"line":80,"column":95},"end":{"line":80,"column":110}}]},"2":{"loc":{"start":{"line":81,"column":21},"end":{"line":83,"column":72}},"type":"cond-expr","locations":[{"start":{"line":82,"column":24},"end":{"line":82,"column":73}},{"start":{"line":83,"column":24},"end":{"line":83,"column":72}}]}},"s":{"0":0,"1":0,"2":0,"3":0,"4":0,"5":0,"6":0,"7":0,"8":0},"f":{"0":0,"1":0,"2":0},"b":{"0":[0,0],"1":[0,0],"2":[0,0]}}
,"/Users/rocco/Github/ecommerce-app-predators-fe/src/components/table/Table.tsx": {"path":"/Users/rocco/Github/ecommerce-app-predators-fe/src/components/table/Table.tsx","statementMap":{"0":{"start":{"line":2,"column":2},"end":{"line":48,"column":4}},"1":{"start":{"line":1,"column":0},"end":{"line":1,"column":24}}},"fnMap":{"0":{"name":"Table","decl":{"start":{"line":1,"column":24},"end":{"line":1,"column":29}},"loc":{"start":{"line":1,"column":29},"end":{"line":49,"column":1}}}},"branchMap":{},"s":{"0":0,"1":0},"f":{"0":0},"b":{}}
,"/Users/rocco/Github/ecommerce-app-predators-fe/src/pages/LandingPage.tsx": {"path":"/Users/rocco/Github/ecommerce-app-predators-fe/src/pages/LandingPage.tsx","statementMap":{"0":{"start":{"line":4,"column":2},"end":{"line":6,"column":null}},"1":{"start":{"line":9,"column":0},"end":{"line":9,"column":null}}},"fnMap":{"0":{"name":"LandingPage","decl":{"start":{"line":3,"column":9},"end":{"line":3,"column":20}},"loc":{"start":{"line":3,"column":20},"end":{"line":7,"column":1}}}},"branchMap":{},"s":{"0":0,"1":0},"f":{"0":0},"b":{}}
,"/Users/rocco/Github/ecommerce-app-predators-fe/src/pages/ProductPage.tsx": {"path":"/Users/rocco/Github/ecommerce-app-predators-fe/src/pages/ProductPage.tsx","statementMap":{"0":{"start":{"line":4,"column":2},"end":{"line":6,"column":null}},"1":{"start":{"line":9,"column":0},"end":{"line":9,"column":null}}},"fnMap":{"0":{"name":"productPage","decl":{"start":{"line":3,"column":9},"end":{"line":3,"column":20}},"loc":{"start":{"line":3,"column":20},"end":{"line":7,"column":1}}}},"branchMap":{},"s":{"0":0,"1":0},"f":{"0":0},"b":{}}
,"/Users/rocco/Github/ecommerce-app-predators-fe/src/pages/RegisterPage.tsx": {"path":"/Users/rocco/Github/ecommerce-app-predators-fe/src/pages/RegisterPage.tsx","statementMap":{"0":{"start":{"line":1,"column":0},"end":{"line":1,"column":49}},"1":{"start":{"line":2,"column":0},"end":{"line":2,"column":55}},"2":{"start":{"line":3,"column":0},"end":{"line":3,"column":55}},"3":{"start":{"line":4,"column":0},"end":{"line":4,"column":47}},"4":{"start":{"line":5,"column":0},"end":{"line":5,"column":58}},"5":{"start":{"line":6,"column":0},"end":{"line":6,"column":47}},"6":{"start":{"line":26,"column":31},"end":{"line":335,"column":1}},"7":{"start":{"line":27,"column":19},"end":{"line":27,"column":32}},"8":{"start":{"line":28,"column":29},"end":{"line":28,"column":81}},"9":{"start":{"line":28,"column":63},"end":{"line":28,"column":80}},"10":{"start":{"line":29,"column":26},"end":{"line":29,"column":38}},"11":{"start":{"line":30,"column":28},"end":{"line":30,"column":40}},"12":{"start":{"line":31,"column":34},"end":{"line":31,"column":46}},"13":{"start":{"line":32,"column":36},"end":{"line":32,"column":48}},"14":{"start":{"line":33,"column":30},"end":{"line":33,"column":42}},"15":{"start":{"line":34,"column":34},"end":{"line":34,"column":46}},"16":{"start":{"line":35,"column":34},"end":{"line":35,"column":49}},"17":{"start":{"line":41,"column":27},"end":{"line":45,"column":3}},"18":{"start":{"line":44,"column":4},"end":{"line":44,"column":28}},"19":{"start":{"line":47,"column":2},"end":{"line":47,"column":34}},"20":{"start":{"line":53,"column":28},"end":{"line":57,"column":3}},"21":{"start":{"line":56,"column":4},"end":{"line":56,"column":29}},"22":{"start":{"line":63,"column":31},"end":{"line":67,"column":3}},"23":{"start":{"line":66,"column":4},"end":{"line":66,"column":32}},"24":{"start":{"line":73,"column":32},"end":{"line":77,"column":3}},"25":{"start":{"line":76,"column":4},"end":{"line":76,"column":33}},"26":{"start":{"line":83,"column":31},"end":{"line":87,"column":3}},"27":{"start":{"line":86,"column":4},"end":{"line":86,"column":32}},"28":{"start":{"line":93,"column":29},"end":{"line":97,"column":3}},"29":{"start":{"line":96,"column":4},"end":{"line":96,"column":30}},"30":{"start":{"line":99,"column":23},"end":{"line":103,"column":3}},"31":{"start":{"line":101,"column":25},"end":{"line":101,"column":53}},"32":{"start":{"line":102,"column":4},"end":{"line":102,"column":36}},"33":{"start":{"line":112,"column":29},"end":{"line":119,"column":4}},"34":{"start":{"line":121,"column":23},"end":{"line":176,"column":3}},"35":{"start":{"line":122,"column":4},"end":{"line":122,"column":23}},"36":{"start":{"line":123,"column":4},"end":{"line":123,"column":21}},"37":{"start":{"line":126,"column":4},"end":{"line":130,"column":null}},"38":{"start":{"line":127,"column":6},"end":{"line":127,"column":45}},"39":{"start":{"line":128,"column":6},"end":{"line":128,"column":24}},"40":{"start":{"line":129,"column":6},"end":{"line":129,"column":13}},"41":{"start":{"line":132,"column":4},"end":{"line":136,"column":null}},"42":{"start":{"line":133,"column":6},"end":{"line":133,"column":49}},"43":{"start":{"line":134,"column":6},"end":{"line":134,"column":24}},"44":{"start":{"line":135,"column":6},"end":{"line":135,"column":13}},"45":{"start":{"line":138,"column":4},"end":{"line":142,"column":null}},"46":{"start":{"line":139,"column":6},"end":{"line":139,"column":46}},"47":{"start":{"line":140,"column":6},"end":{"line":140,"column":24}},"48":{"start":{"line":141,"column":6},"end":{"line":141,"column":13}},"49":{"start":{"line":144,"column":4},"end":{"line":148,"column":null}},"50":{"start":{"line":145,"column":6},"end":{"line":145,"column":47}},"51":{"start":{"line":146,"column":6},"end":{"line":146,"column":24}},"52":{"start":{"line":147,"column":6},"end":{"line":147,"column":13}},"53":{"start":{"line":150,"column":4},"end":{"line":154,"column":null}},"54":{"start":{"line":151,"column":6},"end":{"line":151,"column":47}},"55":{"start":{"line":152,"column":6},"end":{"line":152,"column":24}},"56":{"start":{"line":153,"column":6},"end":{"line":153,"column":13}},"57":{"start":{"line":156,"column":4},"end":{"line":160,"column":null}},"58":{"start":{"line":157,"column":6},"end":{"line":157,"column":47}},"59":{"start":{"line":158,"column":6},"end":{"line":158,"column":24}},"60":{"start":{"line":159,"column":6},"end":{"line":159,"column":13}},"61":{"start":{"line":162,"column":4},"end":{"line":175,"column":9}},"62":{"start":{"line":165,"column":8},"end":{"line":165,"column":20}},"63":{"start":{"line":166,"column":8},"end":{"line":166,"column":21}},"64":{"start":{"line":167,"column":8},"end":{"line":167,"column":24}},"65":{"start":{"line":168,"column":8},"end":{"line":168,"column":25}},"66":{"start":{"line":169,"column":8},"end":{"line":169,"column":24}},"67":{"start":{"line":170,"column":8},"end":{"line":170,"column":22}},"68":{"start":{"line":171,"column":8},"end":{"line":171,"column":26}},"69":{"start":{"line":174,"column":8},"end":{"line":174,"column":26}},"70":{"start":{"line":179,"column":2},"end":{"line":334,"column":4}},"71":{"start":{"line":337,"column":0},"end":{"line":337,"column":28}}},"fnMap":{"0":{"name":"(anonymous_1)","decl":{"start":{"line":26,"column":31},"end":{"line":26,"column":34}},"loc":{"start":{"line":26,"column":36},"end":{"line":335,"column":1}}},"1":{"name":"(anonymous_2)","decl":{"start":{"line":28,"column":41},"end":{"line":28,"column":42}},"loc":{"start":{"line":28,"column":63},"end":{"line":28,"column":80}}},"2":{"name":"(anonymous_3)","decl":{"start":{"line":41,"column":27},"end":{"line":41,"column":28}},"loc":{"start":{"line":43,"column":7},"end":{"line":45,"column":3}}},"3":{"name":"(anonymous_4)","decl":{"start":{"line":53,"column":28},"end":{"line":53,"column":29}},"loc":{"start":{"line":55,"column":7},"end":{"line":57,"column":3}}},"4":{"name":"(anonymous_5)","decl":{"start":{"line":63,"column":31},"end":{"line":63,"column":32}},"loc":{"start":{"line":65,"column":7},"end":{"line":67,"column":3}}},"5":{"name":"(anonymous_6)","decl":{"start":{"line":73,"column":32},"end":{"line":73,"column":33}},"loc":{"start":{"line":75,"column":7},"end":{"line":77,"column":3}}},"6":{"name":"(anonymous_7)","decl":{"start":{"line":83,"column":31},"end":{"line":83,"column":32}},"loc":{"start":{"line":85,"column":7},"end":{"line":87,"column":3}}},"7":{"name":"(anonymous_8)","decl":{"start":{"line":93,"column":29},"end":{"line":93,"column":30}},"loc":{"start":{"line":95,"column":7},"end":{"line":97,"column":3}}},"8":{"name":"(anonymous_9)","decl":{"start":{"line":99,"column":23},"end":{"line":99,"column":24}},"loc":{"start":{"line":99,"column":41},"end":{"line":103,"column":3}}},"9":{"name":"(anonymous_10)","decl":{"start":{"line":121,"column":23},"end":{"line":121,"column":24}},"loc":{"start":{"line":121,"column":61},"end":{"line":176,"column":3}}},"10":{"name":"(anonymous_11)","decl":{"start":{"line":163,"column":12},"end":{"line":163,"column":15}},"loc":{"start":{"line":163,"column":17},"end":{"line":172,"column":7}}},"11":{"name":"(anonymous_12)","decl":{"start":{"line":173,"column":13},"end":{"line":173,"column":16}},"loc":{"start":{"line":173,"column":18},"end":{"line":175,"column":7}}}},"branchMap":{"0":{"loc":{"start":{"line":126,"column":4},"end":{"line":130,"column":null}},"type":"if","locations":[{"start":{"line":126,"column":4},"end":{"line":130,"column":null}}]},"1":{"loc":{"start":{"line":132,"column":4},"end":{"line":136,"column":null}},"type":"if","locations":[{"start":{"line":132,"column":4},"end":{"line":136,"column":null}}]},"2":{"loc":{"start":{"line":138,"column":4},"end":{"line":142,"column":null}},"type":"if","locations":[{"start":{"line":138,"column":4},"end":{"line":142,"column":null}}]},"3":{"loc":{"start":{"line":144,"column":4},"end":{"line":148,"column":null}},"type":"if","locations":[{"start":{"line":144,"column":4},"end":{"line":148,"column":null}}]},"4":{"loc":{"start":{"line":150,"column":4},"end":{"line":154,"column":null}},"type":"if","locations":[{"start":{"line":150,"column":4},"end":{"line":154,"column":null}}]},"5":{"loc":{"start":{"line":156,"column":4},"end":{"line":160,"column":null}},"type":"if","locations":[{"start":{"line":156,"column":4},"end":{"line":160,"column":null}}]},"6":{"loc":{"start":{"line":300,"column":21},"end":{"line":300,"column":57}},"type":"cond-expr","locations":[{"start":{"line":300,"column":33},"end":{"line":300,"column":45}},{"start":{"line":300,"column":48},"end":{"line":300,"column":57}}]}},"s":{"0":0,"1":0,"2":0,"3":0,"4":0,"5":0,"6":0,"7":0,"8":0,"9":0,"10":0,"11":0,"12":0,"13":0,"14":0,"15":0,"16":0,"17":0,"18":0,"19":0,"20":0,"21":0,"22":0,"23":0,"24":0,"25":0,"26":0,"27":0,"28":0,"29":0,"30":0,"31":0,"32":0,"33":0,"34":0,"35":0,"36":0,"37":0,"38":0,"39":0,"40":0,"41":0,"42":0,"43":0,"44":0,"45":0,"46":0,"47":0,"48":0,"49":0,"50":0,"51":0,"52":0,"53":0,"54":0,"55":0,"56":0,"57":0,"58":0,"59":0,"60":0,"61":0,"62":0,"63":0,"64":0,"65":0,"66":0,"67":0,"68":0,"69":0,"70":0,"71":0},"f":{"0":0,"1":0,"2":0,"3":0,"4":0,"5":0,"6":0,"7":0,"8":0,"9":0,"10":0,"11":0},"b":{"0":[0],"1":[0],"2":[0],"3":[0],"4":[0],"5":[0],"6":[0,0]}}
,"/Users/rocco/Github/ecommerce-app-predators-fe/src/pages/SellerLogin/twoFactorAuth.tsx": {"path":"/Users/rocco/Github/ecommerce-app-predators-fe/src/pages/SellerLogin/twoFactorAuth.tsx","statementMap":{"0":{"start":{"line":1,"column":0},"end":{"line":1,"column":48}},"1":{"start":{"line":2,"column":0},"end":{"line":2,"column":40}},"2":{"start":{"line":3,"column":0},"end":{"line":3,"column":42}},"3":{"start":{"line":5,"column":0},"end":{"line":5,"column":59}},"4":{"start":{"line":6,"column":0},"end":{"line":6,"column":61}},"5":{"start":{"line":7,"column":0},"end":{"line":7,"column":55}},"6":{"start":{"line":8,"column":0},"end":{"line":8,"column":47}},"7":{"start":{"line":10,"column":32},"end":{"line":216,"column":1}},"8":{"start":{"line":11,"column":59},"end":{"line":11,"column":72}},"9":{"start":{"line":12,"column":24},"end":{"line":12,"column":36}},"10":{"start":{"line":13,"column":26},"end":{"line":13,"column":38}},"11":{"start":{"line":14,"column":26},"end":{"line":14,"column":38}},"12":{"start":{"line":15,"column":26},"end":{"line":15,"column":38}},"13":{"start":{"line":16,"column":26},"end":{"line":16,"column":38}},"14":{"start":{"line":17,"column":26},"end":{"line":17,"column":38}},"15":{"start":{"line":18,"column":34},"end":{"line":18,"column":49}},"16":{"start":{"line":21,"column":17},"end":{"line":21,"column":47}},"17":{"start":{"line":22,"column":18},"end":{"line":22,"column":48}},"18":{"start":{"line":23,"column":18},"end":{"line":23,"column":48}},"19":{"start":{"line":24,"column":18},"end":{"line":24,"column":48}},"20":{"start":{"line":25,"column":18},"end":{"line":25,"column":48}},"21":{"start":{"line":26,"column":18},"end":{"line":26,"column":48}},"22":{"start":{"line":28,"column":15},"end":{"line":28,"column":68}},"23":{"start":{"line":29,"column":20},"end":{"line":34,"column":3}},"24":{"start":{"line":30,"column":4},"end":{"line":30,"column":27}},"25":{"start":{"line":31,"column":4},"end":{"line":33,"column":null}},"26":{"start":{"line":32,"column":6},"end":{"line":32,"column":31}},"27":{"start":{"line":36,"column":21},"end":{"line":43,"column":3}},"28":{"start":{"line":37,"column":4},"end":{"line":37,"column":28}},"29":{"start":{"line":38,"column":4},"end":{"line":42,"column":null}},"30":{"start":{"line":39,"column":6},"end":{"line":39,"column":30}},"31":{"start":{"line":40,"column":11},"end":{"line":42,"column":null}},"32":{"start":{"line":41,"column":6},"end":{"line":41,"column":31}},"33":{"start":{"line":45,"column":21},"end":{"line":52,"column":3}},"34":{"start":{"line":46,"column":4},"end":{"line":46,"column":28}},"35":{"start":{"line":47,"column":4},"end":{"line":51,"column":null}},"36":{"start":{"line":48,"column":6},"end":{"line":48,"column":31}},"37":{"start":{"line":49,"column":11},"end":{"line":51,"column":null}},"38":{"start":{"line":50,"column":6},"end":{"line":50,"column":31}},"39":{"start":{"line":54,"column":21},"end":{"line":61,"column":3}},"40":{"start":{"line":55,"column":4},"end":{"line":55,"column":28}},"41":{"start":{"line":56,"column":4},"end":{"line":60,"column":null}},"42":{"start":{"line":57,"column":6},"end":{"line":57,"column":31}},"43":{"start":{"line":58,"column":11},"end":{"line":60,"column":null}},"44":{"start":{"line":59,"column":6},"end":{"line":59,"column":31}},"45":{"start":{"line":63,"column":21},"end":{"line":70,"column":3}},"46":{"start":{"line":64,"column":4},"end":{"line":64,"column":28}},"47":{"start":{"line":65,"column":4},"end":{"line":69,"column":null}},"48":{"start":{"line":66,"column":6},"end":{"line":66,"column":31}},"49":{"start":{"line":67,"column":11},"end":{"line":69,"column":null}},"50":{"start":{"line":68,"column":6},"end":{"line":68,"column":31}},"51":{"start":{"line":72,"column":21},"end":{"line":77,"column":3}},"52":{"start":{"line":73,"column":4},"end":{"line":73,"column":28}},"53":{"start":{"line":74,"column":4},"end":{"line":76,"column":null}},"54":{"start":{"line":75,"column":6},"end":{"line":75,"column":31}},"55":{"start":{"line":79,"column":20},"end":{"line":91,"column":3}},"56":{"start":{"line":83,"column":4},"end":{"line":90,"column":null}},"57":{"start":{"line":84,"column":6},"end":{"line":89,"column":null}},"58":{"start":{"line":85,"column":8},"end":{"line":85,"column":32}},"59":{"start":{"line":87,"column":28},"end":{"line":87,"column":43}},"60":{"start":{"line":88,"column":8},"end":{"line":88,"column":37}},"61":{"start":{"line":93,"column":19},"end":{"line":93,"column":57}},"62":{"start":{"line":94,"column":15},"end":{"line":94,"column":34}},"63":{"start":{"line":95,"column":19},"end":{"line":118,"column":3}},"64":{"start":{"line":96,"column":4},"end":{"line":96,"column":23}},"65":{"start":{"line":97,"column":4},"end":{"line":97,"column":21}},"66":{"start":{"line":98,"column":4},"end":{"line":109,"column":null}},"67":{"start":{"line":106,"column":6},"end":{"line":106,"column":44}},"68":{"start":{"line":108,"column":6},"end":{"line":108,"column":13}},"69":{"start":{"line":111,"column":4},"end":{"line":111,"column":34}},"70":{"start":{"line":112,"column":4},"end":{"line":112,"column":15}},"71":{"start":{"line":113,"column":4},"end":{"line":113,"column":16}},"72":{"start":{"line":114,"column":4},"end":{"line":114,"column":16}},"73":{"start":{"line":115,"column":4},"end":{"line":115,"column":16}},"74":{"start":{"line":116,"column":4},"end":{"line":116,"column":16}},"75":{"start":{"line":117,"column":4},"end":{"line":117,"column":16}},"76":{"start":{"line":120,"column":2},"end":{"line":215,"column":4}},"77":{"start":{"line":142,"column":32},"end":{"line":142,"column":47}},"78":{"start":{"line":151,"column":32},"end":{"line":151,"column":47}},"79":{"start":{"line":160,"column":32},"end":{"line":160,"column":47}},"80":{"start":{"line":169,"column":32},"end":{"line":169,"column":47}},"81":{"start":{"line":178,"column":32},"end":{"line":178,"column":47}},"82":{"start":{"line":187,"column":32},"end":{"line":187,"column":47}},"83":{"start":{"line":218,"column":0},"end":{"line":218,"column":29}}},"fnMap":{"0":{"name":"(anonymous_1)","decl":{"start":{"line":10,"column":32},"end":{"line":10,"column":35}},"loc":{"start":{"line":10,"column":37},"end":{"line":216,"column":1}}},"1":{"name":"(anonymous_2)","decl":{"start":{"line":29,"column":20},"end":{"line":29,"column":21}},"loc":{"start":{"line":29,"column":63},"end":{"line":34,"column":3}}},"2":{"name":"(anonymous_3)","decl":{"start":{"line":36,"column":21},"end":{"line":36,"column":22}},"loc":{"start":{"line":36,"column":64},"end":{"line":43,"column":3}}},"3":{"name":"(anonymous_4)","decl":{"start":{"line":45,"column":21},"end":{"line":45,"column":22}},"loc":{"start":{"line":45,"column":64},"end":{"line":52,"column":3}}},"4":{"name":"(anonymous_5)","decl":{"start":{"line":54,"column":21},"end":{"line":54,"column":22}},"loc":{"start":{"line":54,"column":64},"end":{"line":61,"column":3}}},"5":{"name":"(anonymous_6)","decl":{"start":{"line":63,"column":21},"end":{"line":63,"column":22}},"loc":{"start":{"line":63,"column":64},"end":{"line":70,"column":3}}},"6":{"name":"(anonymous_7)","decl":{"start":{"line":72,"column":21},"end":{"line":72,"column":22}},"loc":{"start":{"line":72,"column":64},"end":{"line":77,"column":3}}},"7":{"name":"(anonymous_8)","decl":{"start":{"line":79,"column":20},"end":{"line":79,"column":null}},"loc":{"start":{"line":82,"column":6},"end":{"line":91,"column":3}}},"8":{"name":"(anonymous_9)","decl":{"start":{"line":95,"column":19},"end":{"line":95,"column":20}},"loc":{"start":{"line":95,"column":57},"end":{"line":118,"column":3}}},"9":{"name":"(anonymous_10)","decl":{"start":{"line":142,"column":25},"end":{"line":142,"column":26}},"loc":{"start":{"line":142,"column":32},"end":{"line":142,"column":47}}},"10":{"name":"(anonymous_11)","decl":{"start":{"line":151,"column":25},"end":{"line":151,"column":26}},"loc":{"start":{"line":151,"column":32},"end":{"line":151,"column":47}}},"11":{"name":"(anonymous_12)","decl":{"start":{"line":160,"column":25},"end":{"line":160,"column":26}},"loc":{"start":{"line":160,"column":32},"end":{"line":160,"column":47}}},"12":{"name":"(anonymous_13)","decl":{"start":{"line":169,"column":25},"end":{"line":169,"column":26}},"loc":{"start":{"line":169,"column":32},"end":{"line":169,"column":47}}},"13":{"name":"(anonymous_14)","decl":{"start":{"line":178,"column":25},"end":{"line":178,"column":26}},"loc":{"start":{"line":178,"column":32},"end":{"line":178,"column":47}}},"14":{"name":"(anonymous_15)","decl":{"start":{"line":187,"column":25},"end":{"line":187,"column":26}},"loc":{"start":{"line":187,"column":32},"end":{"line":187,"column":47}}}},"branchMap":{"0":{"loc":{"start":{"line":31,"column":4},"end":{"line":33,"column":null}},"type":"if","locations":[{"start":{"line":31,"column":4},"end":{"line":33,"column":null}}]},"1":{"loc":{"start":{"line":38,"column":4},"end":{"line":42,"column":null}},"type":"if","locations":[{"start":{"line":38,"column":4},"end":{"line":42,"column":null}},{"start":{"line":40,"column":11},"end":{"line":42,"column":null}}]},"2":{"loc":{"start":{"line":40,"column":11},"end":{"line":42,"column":null}},"type":"if","locations":[{"start":{"line":40,"column":11},"end":{"line":42,"column":null}}]},"3":{"loc":{"start":{"line":47,"column":4},"end":{"line":51,"column":null}},"type":"if","locations":[{"start":{"line":47,"column":4},"end":{"line":51,"column":null}},{"start":{"line":49,"column":11},"end":{"line":51,"column":null}}]},"4":{"loc":{"start":{"line":49,"column":11},"end":{"line":51,"column":null}},"type":"if","locations":[{"start":{"line":49,"column":11},"end":{"line":51,"column":null}}]},"5":{"loc":{"start":{"line":56,"column":4},"end":{"line":60,"column":null}},"type":"if","locations":[{"start":{"line":56,"column":4},"end":{"line":60,"column":null}},{"start":{"line":58,"column":11},"end":{"line":60,"column":null}}]},"6":{"loc":{"start":{"line":58,"column":11},"end":{"line":60,"column":null}},"type":"if","locations":[{"start":{"line":58,"column":11},"end":{"line":60,"column":null}}]},"7":{"loc":{"start":{"line":65,"column":4},"end":{"line":69,"column":null}},"type":"if","locations":[{"start":{"line":65,"column":4},"end":{"line":69,"column":null}},{"start":{"line":67,"column":11},"end":{"line":69,"column":null}}]},"8":{"loc":{"start":{"line":67,"column":11},"end":{"line":69,"column":null}},"type":"if","locations":[{"start":{"line":67,"column":11},"end":{"line":69,"column":null}}]},"9":{"loc":{"start":{"line":74,"column":4},"end":{"line":76,"column":null}},"type":"if","locations":[{"start":{"line":74,"column":4},"end":{"line":76,"column":null}}]},"10":{"loc":{"start":{"line":83,"column":4},"end":{"line":90,"column":null}},"type":"if","locations":[{"start":{"line":83,"column":4},"end":{"line":90,"column":null}}]},"11":{"loc":{"start":{"line":83,"column":8},"end":{"line":83,"column":61}},"type":"binary-expr","locations":[{"start":{"line":83,"column":8},"end":{"line":83,"column":29}},{"start":{"line":83,"column":33},"end":{"line":83,"column":61}}]},"12":{"loc":{"start":{"line":84,"column":6},"end":{"line":89,"column":null}},"type":"if","locations":[{"start":{"line":84,"column":6},"end":{"line":89,"column":null}},{"start":{"line":86,"column":13},"end":{"line":89,"column":null}}]},"13":{"loc":{"start":{"line":98,"column":4},"end":{"line":109,"column":null}},"type":"if","locations":[{"start":{"line":98,"column":4},"end":{"line":109,"column":null}}]},"14":{"loc":{"start":{"line":99,"column":6},"end":{"line":104,"column":24}},"type":"binary-expr","locations":[{"start":{"line":99,"column":6},"end":{"line":99,"column":23}},{"start":{"line":100,"column":6},"end":{"line":100,"column":24}},{"start":{"line":101,"column":6},"end":{"line":101,"column":24}},{"start":{"line":102,"column":6},"end":{"line":102,"column":24}},{"start":{"line":103,"column":6},"end":{"line":103,"column":24}},{"start":{"line":104,"column":6},"end":{"line":104,"column":24}}]},"15":{"loc":{"start":{"line":192,"column":14},"end":{"line":192,"column":null}},"type":"cond-expr","locations":[{"start":{"line":192,"column":26},"end":{"line":192,"column":57}},{"start":{"line":192,"column":60},"end":{"line":192,"column":null}}]},"16":{"loc":{"start":{"line":197,"column":13},"end":{"line":197,"column":50}},"type":"cond-expr","locations":[{"start":{"line":197,"column":25},"end":{"line":197,"column":39}},{"start":{"line":197,"column":42},"end":{"line":197,"column":50}}]}},"s":{"0":0,"1":0,"2":0,"3":0,"4":0,"5":0,"6":0,"7":0,"8":0,"9":0,"10":0,"11":0,"12":0,"13":0,"14":0,"15":0,"16":0,"17":0,"18":0,"19":0,"20":0,"21":0,"22":0,"23":0,"24":0,"25":0,"26":0,"27":0,"28":0,"29":0,"30":0,"31":0,"32":0,"33":0,"34":0,"35":0,"36":0,"37":0,"38":0,"39":0,"40":0,"41":0,"42":0,"43":0,"44":0,"45":0,"46":0,"47":0,"48":0,"49":0,"50":0,"51":0,"52":0,"53":0,"54":0,"55":0,"56":0,"57":0,"58":0,"59":0,"60":0,"61":0,"62":0,"63":0,"64":0,"65":0,"66":0,"67":0,"68":0,"69":0,"70":0,"71":0,"72":0,"73":0,"74":0,"75":0,"76":0,"77":0,"78":0,"79":0,"80":0,"81":0,"82":0,"83":0},"f":{"0":0,"1":0,"2":0,"3":0,"4":0,"5":0,"6":0,"7":0,"8":0,"9":0,"10":0,"11":0,"12":0,"13":0,"14":0},"b":{"0":[0],"1":[0,0],"2":[0],"3":[0,0],"4":[0],"5":[0,0],"6":[0],"7":[0,0],"8":[0],"9":[0],"10":[0],"11":[0,0],"12":[0,0],"13":[0],"14":[0,0,0,0,0,0],"15":[0,0],"16":[0,0]}}
,"/Users/rocco/Github/ecommerce-app-predators-fe/src/pages/vendor/VendorPage.tsx": {"path":"/Users/rocco/Github/ecommerce-app-predators-fe/src/pages/vendor/VendorPage.tsx","statementMap":{"0":{"start":{"line":1,"column":0},"end":{"line":1,"column":32}},"1":{"start":{"line":2,"column":0},"end":{"line":2,"column":64}},"2":{"start":{"line":3,"column":0},"end":{"line":3,"column":53}},"3":{"start":{"line":4,"column":0},"end":{"line":4,"column":52}},"4":{"start":{"line":5,"column":0},"end":{"line":5,"column":65}},"5":{"start":{"line":6,"column":0},"end":{"line":6,"column":48}},"6":{"start":{"line":11,"column":30},"end":{"line":11,"column":45}},"7":{"start":{"line":12,"column":22},"end":{"line":12,"column":43}},"8":{"start":{"line":12,"column":28},"end":{"line":12,"column":43}},"9":{"start":{"line":13,"column":2},"end":{"line":63,"column":null}},"10":{"start":{"line":45,"column":34},"end":{"line":45,"column":48}},"11":{"start":{"line":8,"column":0},"end":{"line":8,"column":24}}},"fnMap":{"0":{"name":"VendorPage","decl":{"start":{"line":8,"column":24},"end":{"line":8,"column":34}},"loc":{"start":{"line":8,"column":34},"end":{"line":64,"column":1}}},"1":{"name":"(anonymous_2)","decl":{"start":{"line":12,"column":22},"end":{"line":12,"column":25}},"loc":{"start":{"line":12,"column":28},"end":{"line":12,"column":43}}},"2":{"name":"(anonymous_3)","decl":{"start":{"line":45,"column":28},"end":{"line":45,"column":31}},"loc":{"start":{"line":45,"column":34},"end":{"line":45,"column":48}}}},"branchMap":{},"s":{"0":0,"1":0,"2":0,"3":0,"4":0,"5":0,"6":0,"7":0,"8":0,"9":0,"10":0,"11":0},"f":{"0":0,"1":0,"2":0},"b":{}}
,"/Users/rocco/Github/ecommerce-app-predators-fe/src/redux/action/ProductAction.tsx": {"path":"/Users/rocco/Github/ecommerce-app-predators-fe/src/redux/action/ProductAction.tsx","statementMap":{"0":{"start":{"line":1,"column":0},"end":{"line":1,"column":26}},"1":{"start":{"line":2,"column":0},"end":{"line":2,"column":52}},"2":{"start":{"line":4,"column":13},"end":{"line":14,"column":2}},"3":{"start":{"line":7,"column":4},"end":{"line":12,"column":null}},"4":{"start":{"line":8,"column":23},"end":{"line":8,"column":90}},"5":{"start":{"line":9,"column":6},"end":{"line":9,"column":27}},"6":{"start":{"line":11,"column":6},"end":{"line":11,"column":31}},"7":{"start":{"line":16,"column":13},"end":{"line":35,"column":null}},"8":{"start":{"line":19,"column":4},"end":{"line":33,"column":null}},"9":{"start":{"line":21,"column":20},"end":{"line":21,"column":49}},"10":{"start":{"line":24,"column":21},"end":{"line":28,"column":8}},"11":{"start":{"line":29,"column":23},"end":{"line":29,"column":108}},"12":{"start":{"line":30,"column":6},"end":{"line":30,"column":27}},"13":{"start":{"line":32,"column":6},"end":{"line":32,"column":59}}},"fnMap":{"0":{"name":"(anonymous_1)","decl":{"start":{"line":6,"column":2},"end":{"line":6,"column":7}},"loc":{"start":{"line":6,"column":13},"end":{"line":13,"column":3}}},"1":{"name":"(anonymous_2)","decl":{"start":{"line":18,"column":2},"end":{"line":18,"column":7}},"loc":{"start":{"line":18,"column":35},"end":{"line":34,"column":3}}}},"branchMap":{},"s":{"0":0,"1":0,"2":0,"3":0,"4":0,"5":0,"6":0,"7":0,"8":0,"9":0,"10":0,"11":0,"12":0,"13":0},"f":{"0":0,"1":0},"b":{}}
,"/Users/rocco/Github/ecommerce-app-predators-fe/src/redux/action/UpdateProduct.tsx": {"path":"/Users/rocco/Github/ecommerce-app-predators-fe/src/redux/action/UpdateProduct.tsx","statementMap":{"0":{"start":{"line":1,"column":0},"end":{"line":1,"column":26}},"1":{"start":{"line":2,"column":0},"end":{"line":2,"column":52}},"2":{"start":{"line":4,"column":16},"end":{"line":4,"column":44}},"3":{"start":{"line":8,"column":13},"end":{"line":28,"column":2}},"4":{"start":{"line":11,"column":4},"end":{"line":26,"column":null}},"5":{"start":{"line":14,"column":20},"end":{"line":14,"column":49}},"6":{"start":{"line":17,"column":21},"end":{"line":21,"column":8}},"7":{"start":{"line":22,"column":23},"end":{"line":22,"column":72}},"8":{"start":{"line":23,"column":6},"end":{"line":23,"column":27}},"9":{"start":{"line":25,"column":6},"end":{"line":25,"column":45}}},"fnMap":{"0":{"name":"(anonymous_1)","decl":{"start":{"line":10,"column":2},"end":{"line":10,"column":7}},"loc":{"start":{"line":10,"column":30},"end":{"line":27,"column":3}}}},"branchMap":{},"s":{"0":0,"1":0,"2":0,"3":0,"4":0,"5":0,"6":0,"7":0,"8":0,"9":0},"f":{"0":0},"b":{}}
,"/Users/rocco/Github/ecommerce-app-predators-fe/src/redux/action/UserAction.tsx": {"path":"/Users/rocco/Github/ecommerce-app-predators-fe/src/redux/action/UserAction.tsx","statementMap":{"0":{"start":{"line":1,"column":0},"end":{"line":1,"column":26}},"1":{"start":{"line":2,"column":0},"end":{"line":2,"column":52}},"2":{"start":{"line":3,"column":16},"end":{"line":3,"column":59}},"3":{"start":{"line":5,"column":13},"end":{"line":15,"column":2}},"4":{"start":{"line":8,"column":8},"end":{"line":13,"column":null}},"5":{"start":{"line":9,"column":29},"end":{"line":9,"column":77}},"6":{"start":{"line":10,"column":12},"end":{"line":10,"column":33}},"7":{"start":{"line":12,"column":12},"end":{"line":12,"column":51}}},"fnMap":{"0":{"name":"(anonymous_1)","decl":{"start":{"line":7,"column":4},"end":{"line":7,"column":9}},"loc":{"start":{"line":7,"column":38},"end":{"line":14,"column":5}}}},"branchMap":{},"s":{"0":0,"1":0,"2":0,"3":0,"4":0,"5":0,"6":0,"7":0},"f":{"0":0},"b":{}}
,"/Users/rocco/Github/ecommerce-app-predators-fe/src/redux/action/otpAction.tsx": {"path":"/Users/rocco/Github/ecommerce-app-predators-fe/src/redux/action/otpAction.tsx","statementMap":{"0":{"start":{"line":1,"column":0},"end":{"line":1,"column":26}},"1":{"start":{"line":2,"column":0},"end":{"line":2,"column":52}},"2":{"start":{"line":3,"column":16},"end":{"line":3,"column":60}},"3":{"start":{"line":5,"column":13},"end":{"line":29,"column":2}},"4":{"start":{"line":8,"column":4},"end":{"line":27,"column":null}},"5":{"start":{"line":10,"column":20},"end":{"line":10,"column":49}},"6":{"start":{"line":13,"column":21},"end":{"line":17,"column":8}},"7":{"start":{"line":19,"column":23},"end":{"line":22,"column":null}},"8":{"start":{"line":24,"column":6},"end":{"line":24,"column":27}},"9":{"start":{"line":26,"column":6},"end":{"line":26,"column":45}}},"fnMap":{"0":{"name":"(anonymous_1)","decl":{"start":{"line":7,"column":2},"end":{"line":7,"column":7}},"loc":{"start":{"line":7,"column":40},"end":{"line":28,"column":3}}}},"branchMap":{},"s":{"0":0,"1":0,"2":0,"3":0,"4":0,"5":0,"6":0,"7":0,"8":0,"9":0},"f":{"0":0},"b":{}}
,"/Users/rocco/Github/ecommerce-app-predators-fe/src/redux/reducers/ProductSlice.tsx": {"path":"/Users/rocco/Github/ecommerce-app-predators-fe/src/redux/reducers/ProductSlice.tsx","statementMap":{"0":{"start":{"line":1,"column":0},"end":{"line":1,"column":62}},"1":{"start":{"line":2,"column":0},"end":{"line":2,"column":56}},"2":{"start":{"line":4,"column":21},"end":{"line":31,"column":2}},"3":{"start":{"line":14,"column":4},"end":{"line":29,"column":9}},"4":{"start":{"line":16,"column":8},"end":{"line":16,"column":29}},"5":{"start":{"line":17,"column":8},"end":{"line":17,"column":33}},"6":{"start":{"line":18,"column":8},"end":{"line":18,"column":27}},"7":{"start":{"line":21,"column":8},"end":{"line":21,"column":30}},"8":{"start":{"line":22,"column":8},"end":{"line":22,"column":33}},"9":{"start":{"line":23,"column":8},"end":{"line":23,"column":36}},"10":{"start":{"line":24,"column":8},"end":{"line":24,"column":27}},"11":{"start":{"line":27,"column":8},"end":{"line":27,"column":30}},"12":{"start":{"line":28,"column":8},"end":{"line":28,"column":31}},"13":{"start":{"line":33,"column":0},"end":{"line":33,"column":36}}},"fnMap":{"0":{"name":"(anonymous_0)","decl":{"start":{"line":13,"column":17},"end":{"line":13,"column":18}},"loc":{"start":{"line":13,"column":29},"end":{"line":30,"column":3}}},"1":{"name":"(anonymous_1)","decl":{"start":{"line":15,"column":38},"end":{"line":15,"column":39}},"loc":{"start":{"line":15,"column":48},"end":{"line":19,"column":7}}},"2":{"name":"(anonymous_2)","decl":{"start":{"line":20,"column":40},"end":{"line":20,"column":41}},"loc":{"start":{"line":20,"column":78},"end":{"line":25,"column":7}}},"3":{"name":"(anonymous_3)","decl":{"start":{"line":26,"column":39},"end":{"line":26,"column":40}},"loc":{"start":{"line":26,"column":49},"end":{"line":29,"column":7}}}},"branchMap":{},"s":{"0":0,"1":0,"2":0,"3":0,"4":0,"5":0,"6":0,"7":0,"8":0,"9":0,"10":0,"11":0,"12":0,"13":0},"f":{"0":0,"1":0,"2":0,"3":0},"b":{}}
,"/Users/rocco/Github/ecommerce-app-predators-fe/src/redux/reducers/UpdateProdSlice.tsx": {"path":"/Users/rocco/Github/ecommerce-app-predators-fe/src/redux/reducers/UpdateProdSlice.tsx","statementMap":{"0":{"start":{"line":1,"column":0},"end":{"line":1,"column":62}},"1":{"start":{"line":2,"column":0},"end":{"line":2,"column":39}},"2":{"start":{"line":4,"column":0},"end":{"line":4,"column":59}},"3":{"start":{"line":8,"column":24},"end":{"line":57,"column":2}},"4":{"start":{"line":18,"column":8},"end":{"line":55,"column":15}},"5":{"start":{"line":39,"column":16},"end":{"line":39,"column":37}},"6":{"start":{"line":40,"column":16},"end":{"line":40,"column":44}},"7":{"start":{"line":41,"column":16},"end":{"line":41,"column":35}},"8":{"start":{"line":44,"column":16},"end":{"line":44,"column":38}},"9":{"start":{"line":45,"column":16},"end":{"line":45,"column":63}},"10":{"start":{"line":46,"column":16},"end":{"line":46,"column":44}},"11":{"start":{"line":47,"column":16},"end":{"line":47,"column":35}},"12":{"start":{"line":48,"column":16},"end":{"line":48,"column":62}},"13":{"start":{"line":51,"column":16},"end":{"line":51,"column":38}},"14":{"start":{"line":52,"column":16},"end":{"line":52,"column":75}},"15":{"start":{"line":53,"column":16},"end":{"line":53,"column":35}},"16":{"start":{"line":54,"column":16},"end":{"line":54,"column":74}},"17":{"start":{"line":58,"column":0},"end":{"line":58,"column":39}}},"fnMap":{"0":{"name":"(anonymous_0)","decl":{"start":{"line":17,"column":19},"end":{"line":17,"column":20}},"loc":{"start":{"line":17,"column":31},"end":{"line":56,"column":5}}},"1":{"name":"(anonymous_1)","decl":{"start":{"line":38,"column":47},"end":{"line":38,"column":48}},"loc":{"start":{"line":38,"column":57},"end":{"line":42,"column":13}}},"2":{"name":"(anonymous_2)","decl":{"start":{"line":43,"column":49},"end":{"line":43,"column":50}},"loc":{"start":{"line":43,"column":87},"end":{"line":49,"column":13}}},"3":{"name":"(anonymous_3)","decl":{"start":{"line":50,"column":48},"end":{"line":50,"column":49}},"loc":{"start":{"line":50,"column":58},"end":{"line":55,"column":13}}}},"branchMap":{},"s":{"0":0,"1":0,"2":0,"3":0,"4":0,"5":0,"6":0,"7":0,"8":0,"9":0,"10":0,"11":0,"12":0,"13":0,"14":0,"15":0,"16":0,"17":0},"f":{"0":0,"1":0,"2":0,"3":0},"b":{}}
,"/Users/rocco/Github/ecommerce-app-predators-fe/src/redux/reducers/UserSlice.tsx": {"path":"/Users/rocco/Github/ecommerce-app-predators-fe/src/redux/reducers/UserSlice.tsx","statementMap":{"0":{"start":{"line":1,"column":0},"end":{"line":1,"column":62}},"1":{"start":{"line":2,"column":0},"end":{"line":2,"column":39}},"2":{"start":{"line":3,"column":0},"end":{"line":3,"column":49}},"3":{"start":{"line":5,"column":18},"end":{"line":35,"column":2}},"4":{"start":{"line":15,"column":8},"end":{"line":33,"column":15}},"5":{"start":{"line":17,"column":16},"end":{"line":17,"column":37}},"6":{"start":{"line":18,"column":16},"end":{"line":18,"column":44}},"7":{"start":{"line":19,"column":16},"end":{"line":19,"column":35}},"8":{"start":{"line":22,"column":16},"end":{"line":22,"column":38}},"9":{"start":{"line":23,"column":16},"end":{"line":23,"column":58}},"10":{"start":{"line":24,"column":16},"end":{"line":24,"column":44}},"11":{"start":{"line":25,"column":16},"end":{"line":25,"column":35}},"12":{"start":{"line":26,"column":16},"end":{"line":26,"column":58}},"13":{"start":{"line":29,"column":16},"end":{"line":29,"column":38}},"14":{"start":{"line":30,"column":16},"end":{"line":30,"column":72}},"15":{"start":{"line":31,"column":16},"end":{"line":31,"column":35}},"16":{"start":{"line":32,"column":16},"end":{"line":32,"column":70}},"17":{"start":{"line":36,"column":0},"end":{"line":36,"column":33}}},"fnMap":{"0":{"name":"(anonymous_0)","decl":{"start":{"line":14,"column":19},"end":{"line":14,"column":20}},"loc":{"start":{"line":14,"column":31},"end":{"line":34,"column":5}}},"1":{"name":"(anonymous_1)","decl":{"start":{"line":16,"column":43},"end":{"line":16,"column":44}},"loc":{"start":{"line":16,"column":53},"end":{"line":20,"column":13}}},"2":{"name":"(anonymous_2)","decl":{"start":{"line":21,"column":45},"end":{"line":21,"column":46}},"loc":{"start":{"line":21,"column":83},"end":{"line":27,"column":13}}},"3":{"name":"(anonymous_3)","decl":{"start":{"line":28,"column":44},"end":{"line":28,"column":45}},"loc":{"start":{"line":28,"column":54},"end":{"line":33,"column":13}}}},"branchMap":{},"s":{"0":0,"1":0,"2":0,"3":0,"4":0,"5":0,"6":0,"7":0,"8":0,"9":0,"10":0,"11":0,"12":0,"13":0,"14":0,"15":0,"16":0,"17":0},"f":{"0":0,"1":0,"2":0,"3":0},"b":{}}
,"/Users/rocco/Github/ecommerce-app-predators-fe/src/redux/reducers/otpSlice.tsx": {"path":"/Users/rocco/Github/ecommerce-app-predators-fe/src/redux/reducers/otpSlice.tsx","statementMap":{"0":{"start":{"line":1,"column":0},"end":{"line":1,"column":47}},"1":{"start":{"line":2,"column":0},"end":{"line":2,"column":39}},"2":{"start":{"line":3,"column":0},"end":{"line":3,"column":52}},"3":{"start":{"line":5,"column":18},"end":{"line":36,"column":2}},"4":{"start":{"line":15,"column":4},"end":{"line":34,"column":9}},"5":{"start":{"line":17,"column":8},"end":{"line":17,"column":29}},"6":{"start":{"line":18,"column":8},"end":{"line":18,"column":36}},"7":{"start":{"line":19,"column":8},"end":{"line":19,"column":27}},"8":{"start":{"line":22,"column":8},"end":{"line":22,"column":30}},"9":{"start":{"line":23,"column":8},"end":{"line":23,"column":50}},"10":{"start":{"line":24,"column":8},"end":{"line":24,"column":36}},"11":{"start":{"line":25,"column":8},"end":{"line":25,"column":27}},"12":{"start":{"line":26,"column":8},"end":{"line":26,"column":50}},"13":{"start":{"line":27,"column":8},"end":{"line":27,"column":35}},"14":{"start":{"line":30,"column":8},"end":{"line":30,"column":30}},"15":{"start":{"line":31,"column":8},"end":{"line":31,"column":64}},"16":{"start":{"line":32,"column":8},"end":{"line":32,"column":27}},"17":{"start":{"line":33,"column":8},"end":{"line":33,"column":62}},"18":{"start":{"line":37,"column":0},"end":{"line":37,"column":33}}},"fnMap":{"0":{"name":"(anonymous_0)","decl":{"start":{"line":14,"column":17},"end":{"line":14,"column":18}},"loc":{"start":{"line":14,"column":29},"end":{"line":35,"column":3}}},"1":{"name":"(anonymous_1)","decl":{"start":{"line":16,"column":38},"end":{"line":16,"column":39}},"loc":{"start":{"line":16,"column":48},"end":{"line":20,"column":7}}},"2":{"name":"(anonymous_2)","decl":{"start":{"line":21,"column":40},"end":{"line":21,"column":41}},"loc":{"start":{"line":21,"column":58},"end":{"line":28,"column":7}}},"3":{"name":"(anonymous_3)","decl":{"start":{"line":29,"column":39},"end":{"line":29,"column":40}},"loc":{"start":{"line":29,"column":49},"end":{"line":34,"column":7}}}},"branchMap":{},"s":{"0":0,"1":0,"2":0,"3":0,"4":0,"5":0,"6":0,"7":0,"8":0,"9":0,"10":0,"11":0,"12":0,"13":0,"14":0,"15":0,"16":0,"17":0,"18":0},"f":{"0":0,"1":0,"2":0,"3":0},"b":{}}
,"/Users/rocco/Github/ecommerce-app-predators-fe/src/redux/reducers/vendorSlice.tsx": {"path":"/Users/rocco/Github/ecommerce-app-predators-fe/src/redux/reducers/vendorSlice.tsx","statementMap":{"0":{"start":{"line":1,"column":0},"end":{"line":1,"column":62}},"1":{"start":{"line":2,"column":0},"end":{"line":2,"column":53}},"2":{"start":{"line":3,"column":0},"end":{"line":3,"column":39}},"3":{"start":{"line":5,"column":21},"end":{"line":9,"column":null}},"4":{"start":{"line":11,"column":24},"end":{"line":33,"column":2}},"5":{"start":{"line":16,"column":8},"end":{"line":31,"column":15}},"6":{"start":{"line":18,"column":16},"end":{"line":18,"column":37}},"7":{"start":{"line":19,"column":16},"end":{"line":19,"column":41}},"8":{"start":{"line":22,"column":16},"end":{"line":22,"column":38}},"9":{"start":{"line":23,"column":16},"end":{"line":23,"column":41}},"10":{"start":{"line":24,"column":16},"end":{"line":24,"column":44}},"11":{"start":{"line":25,"column":16},"end":{"line":25,"column":62}},"12":{"start":{"line":28,"column":16},"end":{"line":28,"column":38}},"13":{"start":{"line":29,"column":16},"end":{"line":29,"column":39}},"14":{"start":{"line":30,"column":16},"end":{"line":30,"column":62}},"15":{"start":{"line":35,"column":0},"end":{"line":35,"column":null}}},"fnMap":{"0":{"name":"(anonymous_0)","decl":{"start":{"line":15,"column":19},"end":{"line":15,"column":20}},"loc":{"start":{"line":15,"column":31},"end":{"line":32,"column":9}}},"1":{"name":"(anonymous_1)","decl":{"start":{"line":17,"column":41},"end":{"line":17,"column":42}},"loc":{"start":{"line":17,"column":51},"end":{"line":20,"column":13}}},"2":{"name":"(anonymous_2)","decl":{"start":{"line":21,"column":43},"end":{"line":21,"column":44}},"loc":{"start":{"line":21,"column":81},"end":{"line":26,"column":13}}},"3":{"name":"(anonymous_3)","decl":{"start":{"line":27,"column":42},"end":{"line":27,"column":43}},"loc":{"start":{"line":27,"column":80},"end":{"line":31,"column":13}}}},"branchMap":{},"s":{"0":0,"1":0,"2":0,"3":0,"4":0,"5":0,"6":0,"7":0,"8":0,"9":0,"10":0,"11":0,"12":0,"13":0,"14":0,"15":0},"f":{"0":0,"1":0,"2":0,"3":0},"b":{}}
,"/Users/rocco/Github/ecommerce-app-predators-fe/src/redux/store/Store.tsx": {"path":"/Users/rocco/Github/ecommerce-app-predators-fe/src/redux/store/Store.tsx","statementMap":{"0":{"start":{"line":1,"column":0},"end":{"line":1,"column":50}},"1":{"start":{"line":2,"column":0},"end":{"line":2,"column":54}},"2":{"start":{"line":3,"column":0},"end":{"line":3,"column":56}},"3":{"start":{"line":4,"column":0},"end":{"line":4,"column":48}},"4":{"start":{"line":5,"column":0},"end":{"line":5,"column":46}},"5":{"start":{"line":6,"column":14},"end":{"line":13,"column":2}},"6":{"start":{"line":14,"column":0},"end":{"line":14,"column":21}}},"fnMap":{},"branchMap":{},"s":{"0":0,"1":0,"2":0,"3":0,"4":0,"5":0,"6":0},"f":{},"b":{}}
,"/Users/rocco/Github/ecommerce-app-predators-fe/src/stories/Button.stories.ts": {"path":"/Users/rocco/Github/ecommerce-app-predators-fe/src/stories/Button.stories.ts","statementMap":{"0":{"start":{"line":3,"column":0},"end":{"line":3,"column":34}},"1":{"start":{"line":6,"column":13},"end":{"line":13,"column":32}},"2":{"start":{"line":15,"column":0},"end":{"line":15,"column":20}},"3":{"start":{"line":19,"column":13},"end":{"line":24,"column":2}},"4":{"start":{"line":26,"column":13},"end":{"line":30,"column":2}},"5":{"start":{"line":32,"column":13},"end":{"line":37,"column":2}},"6":{"start":{"line":39,"column":13},"end":{"line":44,"column":2}}},"fnMap":{},"branchMap":{},"s":{"0":0,"1":0,"2":0,"3":0,"4":0,"5":0,"6":0},"f":{},"b":{}}
,"/Users/rocco/Github/ecommerce-app-predators-fe/src/stories/Button.tsx": {"path":"/Users/rocco/Github/ecommerce-app-predators-fe/src/stories/Button.tsx","statementMap":{"0":{"start":{"line":2,"column":0},"end":{"line":2,"column":22}},"1":{"start":{"line":30,"column":22},"end":{"line":48,"column":1}},"2":{"start":{"line":37,"column":15},"end":{"line":37,"column":84}},"3":{"start":{"line":38,"column":2},"end":{"line":47,"column":4}},"4":{"start":{"line":30,"column":13},"end":{"line":30,"column":22}}},"fnMap":{"0":{"name":"(anonymous_0)","decl":{"start":{"line":30,"column":22},"end":{"line":30,"column":23}},"loc":{"start":{"line":36,"column":18},"end":{"line":48,"column":1}}}},"branchMap":{"0":{"loc":{"start":{"line":31,"column":2},"end":{"line":31,"column":17}},"type":"default-arg","locations":[{"start":{"line":31,"column":12},"end":{"line":31,"column":17}}]},"1":{"loc":{"start":{"line":32,"column":2},"end":{"line":32,"column":17}},"type":"default-arg","locations":[{"start":{"line":32,"column":9},"end":{"line":32,"column":17}}]},"2":{"loc":{"start":{"line":37,"column":15},"end":{"line":37,"column":84}},"type":"cond-expr","locations":[{"start":{"line":37,"column":25},"end":{"line":37,"column":52}},{"start":{"line":37,"column":55},"end":{"line":37,"column":84}}]}},"s":{"0":0,"1":0,"2":0,"3":0,"4":0},"f":{"0":0},"b":{"0":[0],"1":[0],"2":[0,0]}}
,"/Users/rocco/Github/ecommerce-app-predators-fe/src/stories/Header.stories.ts": {"path":"/Users/rocco/Github/ecommerce-app-predators-fe/src/stories/Header.stories.ts","statementMap":{"0":{"start":{"line":2,"column":0},"end":{"line":2,"column":34}},"1":{"start":{"line":4,"column":13},"end":{"line":13,"column":32}},"2":{"start":{"line":15,"column":0},"end":{"line":15,"column":20}},"3":{"start":{"line":18,"column":13},"end":{"line":24,"column":2}},"4":{"start":{"line":26,"column":13},"end":{"line":26,"column":35}}},"fnMap":{},"branchMap":{},"s":{"0":0,"1":0,"2":0,"3":0,"4":0},"f":{},"b":{}}
,"/Users/rocco/Github/ecommerce-app-predators-fe/src/stories/Header.tsx": {"path":"/Users/rocco/Github/ecommerce-app-predators-fe/src/stories/Header.tsx","statementMap":{"0":{"start":{"line":3,"column":0},"end":{"line":3,"column":34}},"1":{"start":{"line":4,"column":0},"end":{"line":4,"column":22}},"2":{"start":{"line":17,"column":22},"end":{"line":55,"column":null}},"3":{"start":{"line":18,"column":2},"end":{"line":54,"column":null}},"4":{"start":{"line":17,"column":13},"end":{"line":17,"column":22}}},"fnMap":{"0":{"name":"(anonymous_0)","decl":{"start":{"line":17,"column":22},"end":{"line":17,"column":23}},"loc":{"start":{"line":18,"column":2},"end":{"line":54,"column":null}}}},"branchMap":{"0":{"loc":{"start":{"line":40,"column":9},"end":{"line":51,"column":null}},"type":"cond-expr","locations":[{"start":{"line":41,"column":10},"end":{"line":45,"column":null}},{"start":{"line":48,"column":10},"end":{"line":50,"column":null}}]}},"s":{"0":0,"1":0,"2":0,"3":0,"4":0},"f":{"0":0},"b":{"0":[0,0]}}
,"/Users/rocco/Github/ecommerce-app-predators-fe/src/stories/Page.stories.ts": {"path":"/Users/rocco/Github/ecommerce-app-predators-fe/src/stories/Page.stories.ts","statementMap":{"0":{"start":{"line":2,"column":0},"end":{"line":2,"column":63}},"1":{"start":{"line":4,"column":0},"end":{"line":4,"column":30}},"2":{"start":{"line":6,"column":13},"end":{"line":13,"column":30}},"3":{"start":{"line":15,"column":0},"end":{"line":15,"column":20}},"4":{"start":{"line":18,"column":13},"end":{"line":18,"column":35}},"5":{"start":{"line":21,"column":13},"end":{"line":29,"column":2}},"6":{"start":{"line":23,"column":19},"end":{"line":23,"column":40}},"7":{"start":{"line":24,"column":24},"end":{"line":26,"column":6}},"8":{"start":{"line":27,"column":4},"end":{"line":27,"column":39}}},"fnMap":{"0":{"name":"(anonymous_0)","decl":{"start":{"line":22,"column":8},"end":{"line":22,"column":13}},"loc":{"start":{"line":22,"column":36},"end":{"line":28,"column":3}}}},"branchMap":{},"s":{"0":0,"1":0,"2":0,"3":0,"4":0,"5":0,"6":0,"7":0,"8":0},"f":{"0":0},"b":{}}
,"/Users/rocco/Github/ecommerce-app-predators-fe/src/stories/Page.tsx": {"path":"/Users/rocco/Github/ecommerce-app-predators-fe/src/stories/Page.tsx","statementMap":{"0":{"start":{"line":1,"column":0},"end":{"line":1,"column":26}},"1":{"start":{"line":3,"column":0},"end":{"line":3,"column":34}},"2":{"start":{"line":4,"column":0},"end":{"line":4,"column":20}},"3":{"start":{"line":10,"column":30},"end":{"line":73,"column":1}},"4":{"start":{"line":11,"column":26},"end":{"line":11,"column":48}},"5":{"start":{"line":13,"column":2},"end":{"line":72,"column":4}},"6":{"start":{"line":17,"column":23},"end":{"line":17,"column":52}},"7":{"start":{"line":18,"column":24},"end":{"line":18,"column":42}},"8":{"start":{"line":19,"column":31},"end":{"line":19,"column":60}},"9":{"start":{"line":10,"column":13},"end":{"line":10,"column":30}}},"fnMap":{"0":{"name":"(anonymous_1)","decl":{"start":{"line":10,"column":30},"end":{"line":10,"column":33}},"loc":{"start":{"line":10,"column":35},"end":{"line":73,"column":1}}},"1":{"name":"(anonymous_2)","decl":{"start":{"line":17,"column":17},"end":{"line":17,"column":20}},"loc":{"start":{"line":17,"column":23},"end":{"line":17,"column":52}}},"2":{"name":"(anonymous_3)","decl":{"start":{"line":18,"column":18},"end":{"line":18,"column":21}},"loc":{"start":{"line":18,"column":24},"end":{"line":18,"column":42}}},"3":{"name":"(anonymous_4)","decl":{"start":{"line":19,"column":25},"end":{"line":19,"column":28}},"loc":{"start":{"line":19,"column":31},"end":{"line":19,"column":60}}}},"branchMap":{},"s":{"0":0,"1":0,"2":0,"3":0,"4":0,"5":0,"6":0,"7":0,"8":0,"9":0},"f":{"0":0,"1":0,"2":0,"3":0},"b":{}}
}
