{"/Users/rocco/Github/ecommerce-app-predators-fe/src/App.tsx": {"path":"/Users/rocco/Github/ecommerce-app-predators-fe/src/App.tsx","statementMap":{"0":{"start":{"line":1,"column":0},"end":{"line":1,"column":74}},"1":{"start":{"line":2,"column":0},"end":{"line":2,"column":44}},"2":{"start":{"line":3,"column":0},"end":{"line":3,"column":51}},"3":{"start":{"line":4,"column":0},"end":{"line":4,"column":48}},"4":{"start":{"line":8,"column":2},"end":{"line":20,"column":4}},"5":{"start":{"line":22,"column":0},"end":{"line":22,"column":19}}},"fnMap":{"0":{"name":"App","decl":{"start":{"line":7,"column":9},"end":{"line":7,"column":12}},"loc":{"start":{"line":7,"column":12},"end":{"line":21,"column":1}}}},"branchMap":{},"s":{"0":0,"1":0,"2":0,"3":0,"4":0,"5":0},"f":{"0":0},"b":{}}
,"/Users/rocco/Github/ecommerce-app-predators-fe/src/main.tsx": {"path":"/Users/rocco/Github/ecommerce-app-predators-fe/src/main.tsx","statementMap":{"0":{"start":{"line":1,"column":0},"end":{"line":1,"column":26}},"1":{"start":{"line":2,"column":0},"end":{"line":2,"column":40}},"2":{"start":{"line":3,"column":0},"end":{"line":3,"column":28}},"3":{"start":{"line":4,"column":0},"end":{"line":4,"column":40}},"4":{"start":{"line":5,"column":0},"end":{"line":5,"column":39}},"5":{"start":{"line":6,"column":0},"end":{"line":6,"column":21}},"6":{"start":{"line":8,"column":0},"end":{"line":16,"column":2}}},"fnMap":{},"branchMap":{},"s":{"0":0,"1":0,"2":0,"3":0,"4":0,"5":0,"6":0},"f":{},"b":{}}
,"/Users/rocco/Github/ecommerce-app-predators-fe/src/vite-env.d.ts": {"path":"/Users/rocco/Github/ecommerce-app-predators-fe/src/vite-env.d.ts","statementMap":{},"fnMap":{},"branchMap":{},"s":{},"f":{},"b":{}}
,"/Users/rocco/Github/ecommerce-app-predators-fe/src/components/ProductListing.tsx": {"path":"/Users/rocco/Github/ecommerce-app-predators-fe/src/components/ProductListing.tsx","statementMap":{"0":{"start":{"line":1,"column":0},"end":{"line":1,"column":34}},"1":{"start":{"line":2,"column":0},"end":{"line":2,"column":55}},"2":{"start":{"line":3,"column":0},"end":{"line":3,"column":62}},"3":{"start":{"line":6,"column":19},"end":{"line":7,"column":null}},"4":{"start":{"line":7,"column":44},"end":{"line":7,"column":63}},"5":{"start":{"line":9,"column":18},"end":{"line":10,"column":null}},"6":{"start":{"line":10,"column":47},"end":{"line":10,"column":69}},"7":{"start":{"line":12,"column":16},"end":{"line":13,"column":null}},"8":{"start":{"line":13,"column":45},"end":{"line":13,"column":65}},"9":{"start":{"line":15,"column":19},"end":{"line":15,"column":32}},"10":{"start":{"line":17,"column":2},"end":{"line":19,"column":17}},"11":{"start":{"line":18,"column":4},"end":{"line":18,"column":36}},"12":{"start":{"line":21,"column":2},"end":{"line":23,"column":null}},"13":{"start":{"line":22,"column":4},"end":{"line":22,"column":29}},"14":{"start":{"line":25,"column":2},"end":{"line":27,"column":null}},"15":{"start":{"line":26,"column":4},"end":{"line":26,"column":33}},"16":{"start":{"line":29,"column":2},"end":{"line":40,"column":4}},"17":{"start":{"line":34,"column":10},"end":{"line":34,"column":null}},"18":{"start":{"line":43,"column":0},"end":{"line":43,"column":30}}},"fnMap":{"0":{"name":"ProductListing","decl":{"start":{"line":5,"column":9},"end":{"line":5,"column":23}},"loc":{"start":{"line":5,"column":23},"end":{"line":41,"column":1}}},"1":{"name":"(anonymous_1)","decl":{"start":{"line":7,"column":4},"end":{"line":7,"column":5}},"loc":{"start":{"line":7,"column":44},"end":{"line":7,"column":63}}},"2":{"name":"(anonymous_2)","decl":{"start":{"line":10,"column":4},"end":{"line":10,"column":5}},"loc":{"start":{"line":10,"column":47},"end":{"line":10,"column":69}}},"3":{"name":"(anonymous_3)","decl":{"start":{"line":13,"column":4},"end":{"line":13,"column":5}},"loc":{"start":{"line":13,"column":45},"end":{"line":13,"column":65}}},"4":{"name":"(anonymous_4)","decl":{"start":{"line":17,"column":12},"end":{"line":17,"column":15}},"loc":{"start":{"line":17,"column":17},"end":{"line":19,"column":3}}},"5":{"name":"(anonymous_5)","decl":{"start":{"line":33,"column":13},"end":{"line":33,"column":14}},"loc":{"start":{"line":34,"column":10},"end":{"line":34,"column":null}}}},"branchMap":{"0":{"loc":{"start":{"line":21,"column":2},"end":{"line":23,"column":null}},"type":"if","locations":[{"start":{"line":21,"column":2},"end":{"line":23,"column":null}}]},"1":{"loc":{"start":{"line":25,"column":2},"end":{"line":27,"column":null}},"type":"if","locations":[{"start":{"line":25,"column":2},"end":{"line":27,"column":null}}]}},"s":{"0":0,"1":0,"2":0,"3":0,"4":0,"5":0,"6":0,"7":0,"8":0,"9":0,"10":0,"11":0,"12":0,"13":0,"14":0,"15":0,"16":0,"17":0,"18":0},"f":{"0":0,"1":0,"2":0,"3":0,"4":0,"5":0},"b":{"0":[0],"1":[0]}}
,"/Users/rocco/Github/ecommerce-app-predators-fe/src/components/sample.tsx": {"path":"/Users/rocco/Github/ecommerce-app-predators-fe/src/components/sample.tsx","statementMap":{"0":{"start":{"line":1,"column":19},"end":{"line":3,"column":1}},"1":{"start":{"line":2,"column":4},"end":{"line":2,"column":null}},"2":{"start":{"line":1,"column":13},"end":{"line":1,"column":19}}},"fnMap":{"0":{"name":"(anonymous_0)","decl":{"start":{"line":1,"column":19},"end":{"line":1,"column":20}},"loc":{"start":{"line":1,"column":38},"end":{"line":3,"column":1}}}},"branchMap":{},"s":{"0":1,"1":1,"2":1},"f":{"0":1},"b":{}}
,"/Users/rocco/Github/ecommerce-app-predators-fe/src/pages/LandingPage.tsx": {"path":"/Users/rocco/Github/ecommerce-app-predators-fe/src/pages/LandingPage.tsx","statementMap":{"0":{"start":{"line":4,"column":2},"end":{"line":6,"column":null}},"1":{"start":{"line":9,"column":0},"end":{"line":9,"column":null}}},"fnMap":{"0":{"name":"LandingPage","decl":{"start":{"line":3,"column":9},"end":{"line":3,"column":20}},"loc":{"start":{"line":3,"column":20},"end":{"line":7,"column":1}}}},"branchMap":{},"s":{"0":0,"1":0},"f":{"0":0},"b":{}}
,"/Users/rocco/Github/ecommerce-app-predators-fe/src/pages/ProductPage.tsx": {"path":"/Users/rocco/Github/ecommerce-app-predators-fe/src/pages/ProductPage.tsx","statementMap":{"0":{"start":{"line":4,"column":2},"end":{"line":6,"column":null}},"1":{"start":{"line":9,"column":0},"end":{"line":9,"column":null}}},"fnMap":{"0":{"name":"productPage","decl":{"start":{"line":3,"column":9},"end":{"line":3,"column":20}},"loc":{"start":{"line":3,"column":20},"end":{"line":7,"column":1}}}},"branchMap":{},"s":{"0":0,"1":0},"f":{"0":0},"b":{}}
,"/Users/rocco/Github/ecommerce-app-predators-fe/src/pages/RegisterPage.tsx": {"path":"/Users/rocco/Github/ecommerce-app-predators-fe/src/pages/RegisterPage.tsx","statementMap":{"0":{"start":{"line":1,"column":0},"end":{"line":1,"column":49}},"1":{"start":{"line":2,"column":0},"end":{"line":2,"column":55}},"2":{"start":{"line":3,"column":0},"end":{"line":3,"column":55}},"3":{"start":{"line":4,"column":0},"end":{"line":4,"column":47}},"4":{"start":{"line":5,"column":0},"end":{"line":5,"column":58}},"5":{"start":{"line":6,"column":0},"end":{"line":6,"column":47}},"6":{"start":{"line":26,"column":31},"end":{"line":335,"column":1}},"7":{"start":{"line":27,"column":19},"end":{"line":27,"column":32}},"8":{"start":{"line":28,"column":29},"end":{"line":28,"column":81}},"9":{"start":{"line":28,"column":63},"end":{"line":28,"column":80}},"10":{"start":{"line":29,"column":26},"end":{"line":29,"column":38}},"11":{"start":{"line":30,"column":28},"end":{"line":30,"column":40}},"12":{"start":{"line":31,"column":34},"end":{"line":31,"column":46}},"13":{"start":{"line":32,"column":36},"end":{"line":32,"column":48}},"14":{"start":{"line":33,"column":30},"end":{"line":33,"column":42}},"15":{"start":{"line":34,"column":34},"end":{"line":34,"column":46}},"16":{"start":{"line":35,"column":34},"end":{"line":35,"column":49}},"17":{"start":{"line":41,"column":27},"end":{"line":45,"column":3}},"18":{"start":{"line":44,"column":4},"end":{"line":44,"column":28}},"19":{"start":{"line":47,"column":2},"end":{"line":47,"column":34}},"20":{"start":{"line":53,"column":28},"end":{"line":57,"column":3}},"21":{"start":{"line":56,"column":4},"end":{"line":56,"column":29}},"22":{"start":{"line":63,"column":31},"end":{"line":67,"column":3}},"23":{"start":{"line":66,"column":4},"end":{"line":66,"column":32}},"24":{"start":{"line":73,"column":32},"end":{"line":77,"column":3}},"25":{"start":{"line":76,"column":4},"end":{"line":76,"column":33}},"26":{"start":{"line":83,"column":31},"end":{"line":87,"column":3}},"27":{"start":{"line":86,"column":4},"end":{"line":86,"column":32}},"28":{"start":{"line":93,"column":29},"end":{"line":97,"column":3}},"29":{"start":{"line":96,"column":4},"end":{"line":96,"column":30}},"30":{"start":{"line":99,"column":23},"end":{"line":103,"column":3}},"31":{"start":{"line":101,"column":25},"end":{"line":101,"column":53}},"32":{"start":{"line":102,"column":4},"end":{"line":102,"column":36}},"33":{"start":{"line":112,"column":29},"end":{"line":119,"column":4}},"34":{"start":{"line":121,"column":23},"end":{"line":176,"column":3}},"35":{"start":{"line":122,"column":4},"end":{"line":122,"column":23}},"36":{"start":{"line":123,"column":4},"end":{"line":123,"column":21}},"37":{"start":{"line":126,"column":4},"end":{"line":130,"column":null}},"38":{"start":{"line":127,"column":6},"end":{"line":127,"column":45}},"39":{"start":{"line":128,"column":6},"end":{"line":128,"column":24}},"40":{"start":{"line":129,"column":6},"end":{"line":129,"column":13}},"41":{"start":{"line":132,"column":4},"end":{"line":136,"column":null}},"42":{"start":{"line":133,"column":6},"end":{"line":133,"column":49}},"43":{"start":{"line":134,"column":6},"end":{"line":134,"column":24}},"44":{"start":{"line":135,"column":6},"end":{"line":135,"column":13}},"45":{"start":{"line":138,"column":4},"end":{"line":142,"column":null}},"46":{"start":{"line":139,"column":6},"end":{"line":139,"column":46}},"47":{"start":{"line":140,"column":6},"end":{"line":140,"column":24}},"48":{"start":{"line":141,"column":6},"end":{"line":141,"column":13}},"49":{"start":{"line":144,"column":4},"end":{"line":148,"column":null}},"50":{"start":{"line":145,"column":6},"end":{"line":145,"column":47}},"51":{"start":{"line":146,"column":6},"end":{"line":146,"column":24}},"52":{"start":{"line":147,"column":6},"end":{"line":147,"column":13}},"53":{"start":{"line":150,"column":4},"end":{"line":154,"column":null}},"54":{"start":{"line":151,"column":6},"end":{"line":151,"column":47}},"55":{"start":{"line":152,"column":6},"end":{"line":152,"column":24}},"56":{"start":{"line":153,"column":6},"end":{"line":153,"column":13}},"57":{"start":{"line":156,"column":4},"end":{"line":160,"column":null}},"58":{"start":{"line":157,"column":6},"end":{"line":157,"column":47}},"59":{"start":{"line":158,"column":6},"end":{"line":158,"column":24}},"60":{"start":{"line":159,"column":6},"end":{"line":159,"column":13}},"61":{"start":{"line":162,"column":4},"end":{"line":175,"column":9}},"62":{"start":{"line":165,"column":8},"end":{"line":165,"column":20}},"63":{"start":{"line":166,"column":8},"end":{"line":166,"column":21}},"64":{"start":{"line":167,"column":8},"end":{"line":167,"column":24}},"65":{"start":{"line":168,"column":8},"end":{"line":168,"column":25}},"66":{"start":{"line":169,"column":8},"end":{"line":169,"column":24}},"67":{"start":{"line":170,"column":8},"end":{"line":170,"column":22}},"68":{"start":{"line":171,"column":8},"end":{"line":171,"column":26}},"69":{"start":{"line":174,"column":8},"end":{"line":174,"column":26}},"70":{"start":{"line":179,"column":2},"end":{"line":334,"column":4}},"71":{"start":{"line":337,"column":0},"end":{"line":337,"column":28}}},"fnMap":{"0":{"name":"(anonymous_1)","decl":{"start":{"line":26,"column":31},"end":{"line":26,"column":34}},"loc":{"start":{"line":26,"column":36},"end":{"line":335,"column":1}}},"1":{"name":"(anonymous_2)","decl":{"start":{"line":28,"column":41},"end":{"line":28,"column":42}},"loc":{"start":{"line":28,"column":63},"end":{"line":28,"column":80}}},"2":{"name":"(anonymous_3)","decl":{"start":{"line":41,"column":27},"end":{"line":41,"column":28}},"loc":{"start":{"line":43,"column":7},"end":{"line":45,"column":3}}},"3":{"name":"(anonymous_4)","decl":{"start":{"line":53,"column":28},"end":{"line":53,"column":29}},"loc":{"start":{"line":55,"column":7},"end":{"line":57,"column":3}}},"4":{"name":"(anonymous_5)","decl":{"start":{"line":63,"column":31},"end":{"line":63,"column":32}},"loc":{"start":{"line":65,"column":7},"end":{"line":67,"column":3}}},"5":{"name":"(anonymous_6)","decl":{"start":{"line":73,"column":32},"end":{"line":73,"column":33}},"loc":{"start":{"line":75,"column":7},"end":{"line":77,"column":3}}},"6":{"name":"(anonymous_7)","decl":{"start":{"line":83,"column":31},"end":{"line":83,"column":32}},"loc":{"start":{"line":85,"column":7},"end":{"line":87,"column":3}}},"7":{"name":"(anonymous_8)","decl":{"start":{"line":93,"column":29},"end":{"line":93,"column":30}},"loc":{"start":{"line":95,"column":7},"end":{"line":97,"column":3}}},"8":{"name":"(anonymous_9)","decl":{"start":{"line":99,"column":23},"end":{"line":99,"column":24}},"loc":{"start":{"line":99,"column":41},"end":{"line":103,"column":3}}},"9":{"name":"(anonymous_10)","decl":{"start":{"line":121,"column":23},"end":{"line":121,"column":24}},"loc":{"start":{"line":121,"column":61},"end":{"line":176,"column":3}}},"10":{"name":"(anonymous_11)","decl":{"start":{"line":163,"column":12},"end":{"line":163,"column":15}},"loc":{"start":{"line":163,"column":17},"end":{"line":172,"column":7}}},"11":{"name":"(anonymous_12)","decl":{"start":{"line":173,"column":13},"end":{"line":173,"column":16}},"loc":{"start":{"line":173,"column":18},"end":{"line":175,"column":7}}}},"branchMap":{"0":{"loc":{"start":{"line":126,"column":4},"end":{"line":130,"column":null}},"type":"if","locations":[{"start":{"line":126,"column":4},"end":{"line":130,"column":null}}]},"1":{"loc":{"start":{"line":132,"column":4},"end":{"line":136,"column":null}},"type":"if","locations":[{"start":{"line":132,"column":4},"end":{"line":136,"column":null}}]},"2":{"loc":{"start":{"line":138,"column":4},"end":{"line":142,"column":null}},"type":"if","locations":[{"start":{"line":138,"column":4},"end":{"line":142,"column":null}}]},"3":{"loc":{"start":{"line":144,"column":4},"end":{"line":148,"column":null}},"type":"if","locations":[{"start":{"line":144,"column":4},"end":{"line":148,"column":null}}]},"4":{"loc":{"start":{"line":150,"column":4},"end":{"line":154,"column":null}},"type":"if","locations":[{"start":{"line":150,"column":4},"end":{"line":154,"column":null}}]},"5":{"loc":{"start":{"line":156,"column":4},"end":{"line":160,"column":null}},"type":"if","locations":[{"start":{"line":156,"column":4},"end":{"line":160,"column":null}}]},"6":{"loc":{"start":{"line":300,"column":21},"end":{"line":300,"column":57}},"type":"cond-expr","locations":[{"start":{"line":300,"column":33},"end":{"line":300,"column":45}},{"start":{"line":300,"column":48},"end":{"line":300,"column":57}}]}},"s":{"0":0,"1":0,"2":0,"3":0,"4":0,"5":0,"6":0,"7":0,"8":0,"9":0,"10":0,"11":0,"12":0,"13":0,"14":0,"15":0,"16":0,"17":0,"18":0,"19":0,"20":0,"21":0,"22":0,"23":0,"24":0,"25":0,"26":0,"27":0,"28":0,"29":0,"30":0,"31":0,"32":0,"33":0,"34":0,"35":0,"36":0,"37":0,"38":0,"39":0,"40":0,"41":0,"42":0,"43":0,"44":0,"45":0,"46":0,"47":0,"48":0,"49":0,"50":0,"51":0,"52":0,"53":0,"54":0,"55":0,"56":0,"57":0,"58":0,"59":0,"60":0,"61":0,"62":0,"63":0,"64":0,"65":0,"66":0,"67":0,"68":0,"69":0,"70":0,"71":0},"f":{"0":0,"1":0,"2":0,"3":0,"4":0,"5":0,"6":0,"7":0,"8":0,"9":0,"10":0,"11":0},"b":{"0":[0],"1":[0],"2":[0],"3":[0],"4":[0],"5":[0],"6":[0,0]}}
,"/Users/rocco/Github/ecommerce-app-predators-fe/src/redux/action/ProductAction.tsx": {"path":"/Users/rocco/Github/ecommerce-app-predators-fe/src/redux/action/ProductAction.tsx","statementMap":{"0":{"start":{"line":1,"column":0},"end":{"line":1,"column":26}},"1":{"start":{"line":2,"column":0},"end":{"line":2,"column":52}},"2":{"start":{"line":4,"column":13},"end":{"line":14,"column":2}},"3":{"start":{"line":7,"column":4},"end":{"line":12,"column":null}},"4":{"start":{"line":8,"column":23},"end":{"line":8,"column":90}},"5":{"start":{"line":9,"column":6},"end":{"line":9,"column":27}},"6":{"start":{"line":11,"column":6},"end":{"line":11,"column":31}}},"fnMap":{"0":{"name":"(anonymous_1)","decl":{"start":{"line":6,"column":2},"end":{"line":6,"column":7}},"loc":{"start":{"line":6,"column":13},"end":{"line":13,"column":3}}}},"branchMap":{},"s":{"0":0,"1":0,"2":0,"3":0,"4":0,"5":0,"6":0},"f":{"0":0},"b":{}}
,"/Users/rocco/Github/ecommerce-app-predators-fe/src/redux/action/UserAction.tsx": {"path":"/Users/rocco/Github/ecommerce-app-predators-fe/src/redux/action/UserAction.tsx","statementMap":{"0":{"start":{"line":1,"column":0},"end":{"line":1,"column":26}},"1":{"start":{"line":2,"column":0},"end":{"line":2,"column":52}},"2":{"start":{"line":3,"column":16},"end":{"line":3,"column":59}},"3":{"start":{"line":5,"column":13},"end":{"line":15,"column":2}},"4":{"start":{"line":8,"column":8},"end":{"line":13,"column":null}},"5":{"start":{"line":9,"column":29},"end":{"line":9,"column":77}},"6":{"start":{"line":10,"column":12},"end":{"line":10,"column":33}},"7":{"start":{"line":12,"column":12},"end":{"line":12,"column":51}}},"fnMap":{"0":{"name":"(anonymous_1)","decl":{"start":{"line":7,"column":4},"end":{"line":7,"column":9}},"loc":{"start":{"line":7,"column":38},"end":{"line":14,"column":5}}}},"branchMap":{},"s":{"0":0,"1":0,"2":0,"3":0,"4":0,"5":0,"6":0,"7":0},"f":{"0":0},"b":{}}
,"/Users/rocco/Github/ecommerce-app-predators-fe/src/redux/reducers/ProductSlice.tsx": {"path":"/Users/rocco/Github/ecommerce-app-predators-fe/src/redux/reducers/ProductSlice.tsx","statementMap":{"0":{"start":{"line":1,"column":0},"end":{"line":1,"column":62}},"1":{"start":{"line":2,"column":0},"end":{"line":2,"column":56}},"2":{"start":{"line":4,"column":21},"end":{"line":31,"column":2}},"3":{"start":{"line":14,"column":4},"end":{"line":29,"column":9}},"4":{"start":{"line":16,"column":8},"end":{"line":16,"column":29}},"5":{"start":{"line":17,"column":8},"end":{"line":17,"column":33}},"6":{"start":{"line":18,"column":8},"end":{"line":18,"column":27}},"7":{"start":{"line":21,"column":8},"end":{"line":21,"column":30}},"8":{"start":{"line":22,"column":8},"end":{"line":22,"column":33}},"9":{"start":{"line":23,"column":8},"end":{"line":23,"column":36}},"10":{"start":{"line":24,"column":8},"end":{"line":24,"column":27}},"11":{"start":{"line":27,"column":8},"end":{"line":27,"column":30}},"12":{"start":{"line":28,"column":8},"end":{"line":28,"column":31}},"13":{"start":{"line":33,"column":0},"end":{"line":33,"column":36}}},"fnMap":{"0":{"name":"(anonymous_0)","decl":{"start":{"line":13,"column":17},"end":{"line":13,"column":18}},"loc":{"start":{"line":13,"column":29},"end":{"line":30,"column":3}}},"1":{"name":"(anonymous_1)","decl":{"start":{"line":15,"column":38},"end":{"line":15,"column":39}},"loc":{"start":{"line":15,"column":48},"end":{"line":19,"column":7}}},"2":{"name":"(anonymous_2)","decl":{"start":{"line":20,"column":40},"end":{"line":20,"column":41}},"loc":{"start":{"line":20,"column":78},"end":{"line":25,"column":7}}},"3":{"name":"(anonymous_3)","decl":{"start":{"line":26,"column":39},"end":{"line":26,"column":40}},"loc":{"start":{"line":26,"column":49},"end":{"line":29,"column":7}}}},"branchMap":{},"s":{"0":0,"1":0,"2":0,"3":0,"4":0,"5":0,"6":0,"7":0,"8":0,"9":0,"10":0,"11":0,"12":0,"13":0},"f":{"0":0,"1":0,"2":0,"3":0},"b":{}}
,"/Users/rocco/Github/ecommerce-app-predators-fe/src/redux/reducers/UserSlice.tsx": {"path":"/Users/rocco/Github/ecommerce-app-predators-fe/src/redux/reducers/UserSlice.tsx","statementMap":{"0":{"start":{"line":1,"column":0},"end":{"line":1,"column":62}},"1":{"start":{"line":2,"column":0},"end":{"line":2,"column":39}},"2":{"start":{"line":3,"column":0},"end":{"line":3,"column":49}},"3":{"start":{"line":5,"column":18},"end":{"line":35,"column":2}},"4":{"start":{"line":15,"column":8},"end":{"line":33,"column":15}},"5":{"start":{"line":17,"column":16},"end":{"line":17,"column":37}},"6":{"start":{"line":18,"column":16},"end":{"line":18,"column":44}},"7":{"start":{"line":19,"column":16},"end":{"line":19,"column":35}},"8":{"start":{"line":22,"column":16},"end":{"line":22,"column":38}},"9":{"start":{"line":23,"column":16},"end":{"line":23,"column":58}},"10":{"start":{"line":24,"column":16},"end":{"line":24,"column":44}},"11":{"start":{"line":25,"column":16},"end":{"line":25,"column":35}},"12":{"start":{"line":26,"column":16},"end":{"line":26,"column":58}},"13":{"start":{"line":29,"column":16},"end":{"line":29,"column":38}},"14":{"start":{"line":30,"column":16},"end":{"line":30,"column":72}},"15":{"start":{"line":31,"column":16},"end":{"line":31,"column":35}},"16":{"start":{"line":32,"column":16},"end":{"line":32,"column":70}},"17":{"start":{"line":36,"column":0},"end":{"line":36,"column":33}}},"fnMap":{"0":{"name":"(anonymous_0)","decl":{"start":{"line":14,"column":19},"end":{"line":14,"column":20}},"loc":{"start":{"line":14,"column":31},"end":{"line":34,"column":5}}},"1":{"name":"(anonymous_1)","decl":{"start":{"line":16,"column":43},"end":{"line":16,"column":44}},"loc":{"start":{"line":16,"column":53},"end":{"line":20,"column":13}}},"2":{"name":"(anonymous_2)","decl":{"start":{"line":21,"column":45},"end":{"line":21,"column":46}},"loc":{"start":{"line":21,"column":83},"end":{"line":27,"column":13}}},"3":{"name":"(anonymous_3)","decl":{"start":{"line":28,"column":44},"end":{"line":28,"column":45}},"loc":{"start":{"line":28,"column":54},"end":{"line":33,"column":13}}}},"branchMap":{},"s":{"0":0,"1":0,"2":0,"3":0,"4":0,"5":0,"6":0,"7":0,"8":0,"9":0,"10":0,"11":0,"12":0,"13":0,"14":0,"15":0,"16":0,"17":0},"f":{"0":0,"1":0,"2":0,"3":0},"b":{}}
,"/Users/rocco/Github/ecommerce-app-predators-fe/src/redux/store/Store.tsx": {"path":"/Users/rocco/Github/ecommerce-app-predators-fe/src/redux/store/Store.tsx","statementMap":{"0":{"start":{"line":1,"column":0},"end":{"line":1,"column":50}},"1":{"start":{"line":2,"column":0},"end":{"line":2,"column":54}},"2":{"start":{"line":3,"column":0},"end":{"line":3,"column":48}},"3":{"start":{"line":6,"column":14},"end":{"line":12,"column":2}},"4":{"start":{"line":13,"column":0},"end":{"line":13,"column":21}}},"fnMap":{},"branchMap":{},"s":{"0":0,"1":0,"2":0,"3":0,"4":0},"f":{},"b":{}}
,"/Users/rocco/Github/ecommerce-app-predators-fe/src/stories/Button.stories.ts": {"path":"/Users/rocco/Github/ecommerce-app-predators-fe/src/stories/Button.stories.ts","statementMap":{"0":{"start":{"line":3,"column":0},"end":{"line":3,"column":34}},"1":{"start":{"line":6,"column":13},"end":{"line":13,"column":32}},"2":{"start":{"line":15,"column":0},"end":{"line":15,"column":20}},"3":{"start":{"line":19,"column":13},"end":{"line":24,"column":2}},"4":{"start":{"line":26,"column":13},"end":{"line":30,"column":2}},"5":{"start":{"line":32,"column":13},"end":{"line":37,"column":2}},"6":{"start":{"line":39,"column":13},"end":{"line":44,"column":2}}},"fnMap":{},"branchMap":{},"s":{"0":0,"1":0,"2":0,"3":0,"4":0,"5":0,"6":0},"f":{},"b":{}}
,"/Users/rocco/Github/ecommerce-app-predators-fe/src/stories/Button.tsx": {"path":"/Users/rocco/Github/ecommerce-app-predators-fe/src/stories/Button.tsx","statementMap":{"0":{"start":{"line":2,"column":0},"end":{"line":2,"column":22}},"1":{"start":{"line":30,"column":22},"end":{"line":48,"column":1}},"2":{"start":{"line":37,"column":15},"end":{"line":37,"column":84}},"3":{"start":{"line":38,"column":2},"end":{"line":47,"column":4}},"4":{"start":{"line":30,"column":13},"end":{"line":30,"column":22}}},"fnMap":{"0":{"name":"(anonymous_0)","decl":{"start":{"line":30,"column":22},"end":{"line":30,"column":23}},"loc":{"start":{"line":36,"column":18},"end":{"line":48,"column":1}}}},"branchMap":{"0":{"loc":{"start":{"line":31,"column":2},"end":{"line":31,"column":17}},"type":"default-arg","locations":[{"start":{"line":31,"column":12},"end":{"line":31,"column":17}}]},"1":{"loc":{"start":{"line":32,"column":2},"end":{"line":32,"column":17}},"type":"default-arg","locations":[{"start":{"line":32,"column":9},"end":{"line":32,"column":17}}]},"2":{"loc":{"start":{"line":37,"column":15},"end":{"line":37,"column":84}},"type":"cond-expr","locations":[{"start":{"line":37,"column":25},"end":{"line":37,"column":52}},{"start":{"line":37,"column":55},"end":{"line":37,"column":84}}]}},"s":{"0":0,"1":0,"2":0,"3":0,"4":0},"f":{"0":0},"b":{"0":[0],"1":[0],"2":[0,0]}}
,"/Users/rocco/Github/ecommerce-app-predators-fe/src/stories/Header.stories.ts": {"path":"/Users/rocco/Github/ecommerce-app-predators-fe/src/stories/Header.stories.ts","statementMap":{"0":{"start":{"line":2,"column":0},"end":{"line":2,"column":34}},"1":{"start":{"line":4,"column":13},"end":{"line":13,"column":32}},"2":{"start":{"line":15,"column":0},"end":{"line":15,"column":20}},"3":{"start":{"line":18,"column":13},"end":{"line":24,"column":2}},"4":{"start":{"line":26,"column":13},"end":{"line":26,"column":35}}},"fnMap":{},"branchMap":{},"s":{"0":0,"1":0,"2":0,"3":0,"4":0},"f":{},"b":{}}
,"/Users/rocco/Github/ecommerce-app-predators-fe/src/stories/Header.tsx": {"path":"/Users/rocco/Github/ecommerce-app-predators-fe/src/stories/Header.tsx","statementMap":{"0":{"start":{"line":3,"column":0},"end":{"line":3,"column":34}},"1":{"start":{"line":4,"column":0},"end":{"line":4,"column":22}},"2":{"start":{"line":17,"column":22},"end":{"line":55,"column":null}},"3":{"start":{"line":18,"column":2},"end":{"line":54,"column":null}},"4":{"start":{"line":17,"column":13},"end":{"line":17,"column":22}}},"fnMap":{"0":{"name":"(anonymous_0)","decl":{"start":{"line":17,"column":22},"end":{"line":17,"column":23}},"loc":{"start":{"line":18,"column":2},"end":{"line":54,"column":null}}}},"branchMap":{"0":{"loc":{"start":{"line":40,"column":9},"end":{"line":51,"column":null}},"type":"cond-expr","locations":[{"start":{"line":41,"column":10},"end":{"line":45,"column":null}},{"start":{"line":48,"column":10},"end":{"line":50,"column":null}}]}},"s":{"0":0,"1":0,"2":0,"3":0,"4":0},"f":{"0":0},"b":{"0":[0,0]}}
,"/Users/rocco/Github/ecommerce-app-predators-fe/src/stories/Page.stories.ts": {"path":"/Users/rocco/Github/ecommerce-app-predators-fe/src/stories/Page.stories.ts","statementMap":{"0":{"start":{"line":2,"column":0},"end":{"line":2,"column":63}},"1":{"start":{"line":4,"column":0},"end":{"line":4,"column":30}},"2":{"start":{"line":6,"column":13},"end":{"line":13,"column":30}},"3":{"start":{"line":15,"column":0},"end":{"line":15,"column":20}},"4":{"start":{"line":18,"column":13},"end":{"line":18,"column":35}},"5":{"start":{"line":21,"column":13},"end":{"line":29,"column":2}},"6":{"start":{"line":23,"column":19},"end":{"line":23,"column":40}},"7":{"start":{"line":24,"column":24},"end":{"line":26,"column":6}},"8":{"start":{"line":27,"column":4},"end":{"line":27,"column":39}}},"fnMap":{"0":{"name":"(anonymous_0)","decl":{"start":{"line":22,"column":8},"end":{"line":22,"column":13}},"loc":{"start":{"line":22,"column":36},"end":{"line":28,"column":3}}}},"branchMap":{},"s":{"0":0,"1":0,"2":0,"3":0,"4":0,"5":0,"6":0,"7":0,"8":0},"f":{"0":0},"b":{}}
,"/Users/rocco/Github/ecommerce-app-predators-fe/src/stories/Page.tsx": {"path":"/Users/rocco/Github/ecommerce-app-predators-fe/src/stories/Page.tsx","statementMap":{"0":{"start":{"line":1,"column":0},"end":{"line":1,"column":26}},"1":{"start":{"line":3,"column":0},"end":{"line":3,"column":34}},"2":{"start":{"line":4,"column":0},"end":{"line":4,"column":20}},"3":{"start":{"line":10,"column":30},"end":{"line":73,"column":1}},"4":{"start":{"line":11,"column":26},"end":{"line":11,"column":48}},"5":{"start":{"line":13,"column":2},"end":{"line":72,"column":4}},"6":{"start":{"line":17,"column":23},"end":{"line":17,"column":52}},"7":{"start":{"line":18,"column":24},"end":{"line":18,"column":42}},"8":{"start":{"line":19,"column":31},"end":{"line":19,"column":60}},"9":{"start":{"line":10,"column":13},"end":{"line":10,"column":30}}},"fnMap":{"0":{"name":"(anonymous_1)","decl":{"start":{"line":10,"column":30},"end":{"line":10,"column":33}},"loc":{"start":{"line":10,"column":35},"end":{"line":73,"column":1}}},"1":{"name":"(anonymous_2)","decl":{"start":{"line":17,"column":17},"end":{"line":17,"column":20}},"loc":{"start":{"line":17,"column":23},"end":{"line":17,"column":52}}},"2":{"name":"(anonymous_3)","decl":{"start":{"line":18,"column":18},"end":{"line":18,"column":21}},"loc":{"start":{"line":18,"column":24},"end":{"line":18,"column":42}}},"3":{"name":"(anonymous_4)","decl":{"start":{"line":19,"column":25},"end":{"line":19,"column":28}},"loc":{"start":{"line":19,"column":31},"end":{"line":19,"column":60}}}},"branchMap":{},"s":{"0":0,"1":0,"2":0,"3":0,"4":0,"5":0,"6":0,"7":0,"8":0,"9":0},"f":{"0":0,"1":0,"2":0,"3":0},"b":{}}
}
