TN:
SF:src/App.tsx
FN:9,App
FNF:1
FNH:0
FNDA:0,App
DA:1,0
DA:2,0
DA:3,0
DA:4,0
DA:5,0
DA:6,0
DA:10,0
DA:24,0
LF:8
LH:0
BRF:0
BRH:0
end_of_record
TN:
SF:src/main.tsx
FNF:0
FNH:0
DA:1,0
DA:2,0
DA:3,0
DA:4,0
DA:5,0
DA:6,0
DA:8,0
LF:7
LH:0
BRF:0
BRH:0
end_of_record
TN:
SF:src/vite-env.d.ts
FNF:0
FNH:0
LF:0
LH:0
BRF:0
BRH:0
end_of_record
TN:
SF:src/components/ProductListing.tsx
FN:5,ProductListing
FN:7,(anonymous_1)
FN:10,(anonymous_2)
FN:13,(anonymous_3)
FN:17,(anonymous_4)
FN:33,(anonymous_5)
FNF:6
FNH:0
FNDA:0,ProductListing
FNDA:0,(anonymous_1)
FNDA:0,(anonymous_2)
FNDA:0,(anonymous_3)
FNDA:0,(anonymous_4)
FNDA:0,(anonymous_5)
DA:1,0
DA:2,0
DA:3,0
DA:6,0
DA:7,0
DA:9,0
DA:10,0
DA:12,0
DA:13,0
DA:15,0
DA:17,0
DA:18,0
DA:21,0
DA:22,0
DA:25,0
DA:26,0
DA:29,0
DA:34,0
DA:43,0
LF:19
LH:0
BRDA:21,0,0,0
BRDA:25,1,0,0
BRF:2
BRH:0
end_of_record
TN:
SF:src/components/index.tsx
FN:1,(anonymous_1)
FN:2,(anonymous_2)
FN:3,(anonymous_3)
FNF:3
FNH:0
FNDA:0,(anonymous_1)
FNDA:0,(anonymous_2)
FNDA:0,(anonymous_3)
DA:1,0
DA:2,0
DA:3,0
LF:3
LH:0
BRF:0
BRH:0
end_of_record
TN:
SF:src/components/sample.tsx
FN:1,(anonymous_0)
FNF:1
FNH:1
FNDA:1,(anonymous_0)
DA:1,1
DA:2,1
LF:2
LH:2
BRF:0
BRH:0
end_of_record
TN:
SF:src/components/product_form/Product_form.tsx
FN:19,Product_form
FN:31,handleNameChange
FN:35,handleDescriptionChange
FN:39,handleStockChange
FN:43,handleImageChange
FN:47,handlePriceChange
FN:51,handleCategoryChange
FN:55,handleAvailabilityChange
FN:59,handleDateChange
FN:74,handleSubmit
FN:115,(anonymous_10)
FN:127,(anonymous_11)
FN:132,(anonymous_12)
FNF:13
FNH:0
FNDA:0,Product_form
FNDA:0,handleNameChange
FNDA:0,handleDescriptionChange
FNDA:0,handleStockChange
FNDA:0,handleImageChange
FNDA:0,handlePriceChange
FNDA:0,handleCategoryChange
FNDA:0,handleAvailabilityChange
FNDA:0,handleDateChange
FNDA:0,handleSubmit
FNDA:0,(anonymous_10)
FNDA:0,(anonymous_11)
FNDA:0,(anonymous_12)
DA:1,0
DA:2,0
DA:3,0
DA:4,0
DA:5,0
DA:19,0
DA:20,0
DA:21,0
DA:22,0
DA:23,0
DA:24,0
DA:25,0
DA:26,0
DA:27,0
DA:28,0
DA:29,0
DA:32,0
DA:36,0
DA:40,0
DA:44,0
DA:48,0
DA:52,0
DA:56,0
DA:60,0
DA:63,0
DA:75,0
DA:76,0
DA:78,0
DA:79,0
DA:80,0
DA:81,0
DA:84,0
DA:85,0
DA:86,0
DA:87,0
DA:90,0
DA:91,0
DA:92,0
DA:93,0
DA:96,0
DA:97,0
DA:98,0
DA:99,0
DA:102,0
DA:103,0
DA:104,0
DA:105,0
DA:108,0
DA:109,0
DA:110,0
DA:111,0
DA:114,0
DA:116,0
DA:117,0
DA:118,0
DA:119,0
DA:120,0
DA:121,0
DA:122,0
DA:123,0
DA:124,0
DA:125,0
DA:128,0
DA:132,0
DA:133,0
DA:134,0
DA:137,0
DA:138,0
LF:68
LH:0
BRDA:78,0,0,0
BRDA:84,1,0,0
BRDA:90,2,0,0
BRDA:96,3,0,0
BRDA:102,4,0,0
BRDA:108,5,0,0
BRDA:134,6,0,0
BRDA:134,7,0,0
BRDA:134,7,1,0
BRDA:137,8,0,0
BRDA:156,9,0,0
BRDA:156,9,1,0
BRDA:160,10,0,0
BRDA:160,10,1,0
BRF:14
BRH:0
end_of_record
TN:
SF:src/components/sidebar/Sidebar.tsx
FN:5,Sidebar
FN:8,(anonymous_2)
FN:80,(anonymous_3)
FNF:3
FNH:0
FNDA:0,Sidebar
FNDA:0,(anonymous_2)
FNDA:0,(anonymous_3)
DA:1,0
DA:2,0
DA:3,0
DA:5,0
DA:6,0
DA:8,0
DA:9,0
DA:12,0
DA:80,0
LF:9
LH:0
BRDA:14,0,0,0
BRDA:14,0,1,0
BRDA:80,1,0,0
BRDA:80,1,1,0
BRDA:81,2,0,0
BRDA:81,2,1,0
BRF:6
BRH:0
end_of_record
TN:
SF:src/components/table/Table.tsx
FN:1,Table
FNF:1
FNH:0
FNDA:0,Table
DA:1,0
DA:2,0
LF:2
LH:0
BRF:0
BRH:0
end_of_record
TN:
SF:src/pages/LandingPage.tsx
FN:3,LandingPage
FNF:1
FNH:0
FNDA:0,LandingPage
DA:4,0
DA:9,0
LF:2
LH:0
BRF:0
BRH:0
end_of_record
TN:
SF:src/pages/ProductPage.tsx
FN:3,productPage
FNF:1
FNH:0
FNDA:0,productPage
DA:4,0
DA:9,0
LF:2
LH:0
BRF:0
BRH:0
end_of_record
TN:
SF:src/pages/RegisterPage.tsx
FN:26,(anonymous_1)
FN:28,(anonymous_2)
FN:41,(anonymous_3)
FN:53,(anonymous_4)
FN:63,(anonymous_5)
FN:73,(anonymous_6)
FN:83,(anonymous_7)
FN:93,(anonymous_8)
FN:99,(anonymous_9)
FN:121,(anonymous_10)
FN:163,(anonymous_11)
FN:173,(anonymous_12)
FNF:12
FNH:0
FNDA:0,(anonymous_1)
FNDA:0,(anonymous_2)
FNDA:0,(anonymous_3)
FNDA:0,(anonymous_4)
FNDA:0,(anonymous_5)
FNDA:0,(anonymous_6)
FNDA:0,(anonymous_7)
FNDA:0,(anonymous_8)
FNDA:0,(anonymous_9)
FNDA:0,(anonymous_10)
FNDA:0,(anonymous_11)
FNDA:0,(anonymous_12)
DA:1,0
DA:2,0
DA:3,0
DA:4,0
DA:5,0
DA:6,0
DA:26,0
DA:27,0
DA:28,0
DA:29,0
DA:30,0
DA:31,0
DA:32,0
DA:33,0
DA:34,0
DA:35,0
DA:41,0
DA:44,0
DA:47,0
DA:53,0
DA:56,0
DA:63,0
DA:66,0
DA:73,0
DA:76,0
DA:83,0
DA:86,0
DA:93,0
DA:96,0
DA:99,0
DA:101,0
DA:102,0
DA:112,0
DA:121,0
DA:122,0
DA:123,0
DA:126,0
DA:127,0
DA:128,0
DA:129,0
DA:132,0
DA:133,0
DA:134,0
DA:135,0
DA:138,0
DA:139,0
DA:140,0
DA:141,0
DA:144,0
DA:145,0
DA:146,0
DA:147,0
DA:150,0
DA:151,0
DA:152,0
DA:153,0
DA:156,0
DA:157,0
DA:158,0
DA:159,0
DA:162,0
DA:165,0
DA:166,0
DA:167,0
DA:168,0
DA:169,0
DA:170,0
DA:171,0
DA:174,0
DA:179,0
DA:337,0
LF:71
LH:0
BRDA:126,0,0,0
BRDA:132,1,0,0
BRDA:138,2,0,0
BRDA:144,3,0,0
BRDA:150,4,0,0
BRDA:156,5,0,0
BRDA:300,6,0,0
BRDA:300,6,1,0
BRF:8
BRH:0
end_of_record
TN:
SF:src/pages/SellerLogin/twoFactorAuth.tsx
FN:10,(anonymous_1)
FN:29,(anonymous_2)
FN:36,(anonymous_3)
FN:45,(anonymous_4)
FN:54,(anonymous_5)
FN:63,(anonymous_6)
FN:72,(anonymous_7)
FN:79,(anonymous_8)
FN:95,(anonymous_9)
FN:142,(anonymous_10)
FN:151,(anonymous_11)
FN:160,(anonymous_12)
FN:169,(anonymous_13)
FN:178,(anonymous_14)
FN:187,(anonymous_15)
FNF:15
FNH:0
FNDA:0,(anonymous_1)
FNDA:0,(anonymous_2)
FNDA:0,(anonymous_3)
FNDA:0,(anonymous_4)
FNDA:0,(anonymous_5)
FNDA:0,(anonymous_6)
FNDA:0,(anonymous_7)
FNDA:0,(anonymous_8)
FNDA:0,(anonymous_9)
FNDA:0,(anonymous_10)
FNDA:0,(anonymous_11)
FNDA:0,(anonymous_12)
FNDA:0,(anonymous_13)
FNDA:0,(anonymous_14)
FNDA:0,(anonymous_15)
DA:1,0
DA:2,0
DA:3,0
DA:5,0
DA:6,0
DA:7,0
DA:8,0
DA:10,0
DA:11,0
DA:12,0
DA:13,0
DA:14,0
DA:15,0
DA:16,0
DA:17,0
DA:18,0
DA:21,0
DA:22,0
DA:23,0
DA:24,0
DA:25,0
DA:26,0
DA:28,0
DA:29,0
DA:30,0
DA:31,0
DA:32,0
DA:36,0
DA:37,0
DA:38,0
DA:39,0
DA:40,0
DA:41,0
DA:45,0
DA:46,0
DA:47,0
DA:48,0
DA:49,0
DA:50,0
DA:54,0
DA:55,0
DA:56,0
DA:57,0
DA:58,0
DA:59,0
DA:63,0
DA:64,0
DA:65,0
DA:66,0
DA:67,0
DA:68,0
DA:72,0
DA:73,0
DA:74,0
DA:75,0
DA:79,0
DA:83,0
DA:84,0
DA:85,0
DA:87,0
DA:88,0
DA:93,0
DA:94,0
DA:95,0
DA:96,0
DA:97,0
DA:98,0
DA:106,0
DA:108,0
DA:111,0
DA:112,0
DA:113,0
DA:114,0
DA:115,0
DA:116,0
DA:117,0
DA:120,0
DA:142,0
DA:151,0
DA:160,0
DA:169,0
DA:178,0
DA:187,0
DA:218,0
LF:84
LH:0
BRDA:31,0,0,0
BRDA:38,1,0,0
BRDA:38,1,1,0
BRDA:40,2,0,0
BRDA:47,3,0,0
BRDA:47,3,1,0
BRDA:49,4,0,0
BRDA:56,5,0,0
BRDA:56,5,1,0
BRDA:58,6,0,0
BRDA:65,7,0,0
BRDA:65,7,1,0
BRDA:67,8,0,0
BRDA:74,9,0,0
BRDA:83,10,0,0
BRDA:83,11,0,0
BRDA:83,11,1,0
BRDA:84,12,0,0
BRDA:84,12,1,0
BRDA:98,13,0,0
BRDA:99,14,0,0
BRDA:99,14,1,0
BRDA:99,14,2,0
BRDA:99,14,3,0
BRDA:99,14,4,0
BRDA:99,14,5,0
BRDA:192,15,0,0
BRDA:192,15,1,0
BRDA:197,16,0,0
BRDA:197,16,1,0
BRF:30
BRH:0
end_of_record
TN:
SF:src/pages/vendor/VendorPage.tsx
FN:8,VendorPage
FN:12,(anonymous_2)
FN:45,(anonymous_3)
FNF:3
FNH:0
FNDA:0,VendorPage
FNDA:0,(anonymous_2)
FNDA:0,(anonymous_3)
DA:1,0
DA:2,0
DA:3,0
DA:4,0
DA:5,0
DA:6,0
DA:8,0
DA:11,0
DA:12,0
DA:13,0
DA:45,0
LF:11
LH:0
BRF:0
BRH:0
end_of_record
TN:
SF:src/redux/action/ProductAction.tsx
FN:6,(anonymous_1)
FN:18,(anonymous_2)
FNF:2
FNH:0
FNDA:0,(anonymous_1)
FNDA:0,(anonymous_2)
DA:1,0
DA:2,0
DA:4,0
DA:7,0
DA:8,0
DA:9,0
DA:11,0
DA:16,0
DA:19,0
DA:21,0
DA:24,0
DA:29,0
DA:30,0
DA:32,0
LF:14
LH:0
BRF:0
BRH:0
end_of_record
TN:
SF:src/redux/action/UpdateProduct.tsx
FN:10,(anonymous_1)
FNF:1
FNH:0
FNDA:0,(anonymous_1)
DA:1,0
DA:2,0
DA:4,0
DA:8,0
DA:11,0
DA:14,0
DA:17,0
DA:22,0
DA:23,0
DA:25,0
LF:10
LH:0
BRF:0
BRH:0
end_of_record
TN:
SF:src/redux/action/UserAction.tsx
FN:7,(anonymous_1)
FNF:1
FNH:0
FNDA:0,(anonymous_1)
DA:1,0
DA:2,0
DA:3,0
DA:5,0
DA:8,0
DA:9,0
DA:10,0
DA:12,0
LF:8
LH:0
BRF:0
BRH:0
end_of_record
TN:
SF:src/redux/action/otpAction.tsx
FN:7,(anonymous_1)
FNF:1
FNH:0
FNDA:0,(anonymous_1)
DA:1,0
DA:2,0
DA:3,0
DA:5,0
DA:8,0
DA:10,0
DA:13,0
DA:19,0
DA:24,0
DA:26,0
LF:10
LH:0
BRF:0
BRH:0
end_of_record
TN:
SF:src/redux/reducers/ProductSlice.tsx
FN:13,(anonymous_0)
FN:15,(anonymous_1)
FN:20,(anonymous_2)
FN:26,(anonymous_3)
FNF:4
FNH:0
FNDA:0,(anonymous_0)
FNDA:0,(anonymous_1)
FNDA:0,(anonymous_2)
FNDA:0,(anonymous_3)
DA:1,0
DA:2,0
DA:4,0
DA:14,0
DA:16,0
DA:17,0
DA:18,0
DA:21,0
DA:22,0
DA:23,0
DA:24,0
DA:27,0
DA:28,0
DA:33,0
LF:14
LH:0
BRF:0
BRH:0
end_of_record
TN:
SF:src/redux/reducers/UpdateProdSlice.tsx
FN:17,(anonymous_0)
FN:38,(anonymous_1)
FN:43,(anonymous_2)
FN:50,(anonymous_3)
FNF:4
FNH:0
FNDA:0,(anonymous_0)
FNDA:0,(anonymous_1)
FNDA:0,(anonymous_2)
FNDA:0,(anonymous_3)
DA:1,0
DA:2,0
DA:4,0
DA:8,0
DA:18,0
DA:39,0
DA:40,0
DA:41,0
DA:44,0
DA:45,0
DA:46,0
DA:47,0
DA:48,0
DA:51,0
DA:52,0
DA:53,0
DA:54,0
DA:58,0
LF:18
LH:0
BRF:0
BRH:0
end_of_record
TN:
SF:src/redux/reducers/UserSlice.tsx
FN:14,(anonymous_0)
FN:16,(anonymous_1)
FN:21,(anonymous_2)
FN:28,(anonymous_3)
FNF:4
FNH:0
FNDA:0,(anonymous_0)
FNDA:0,(anonymous_1)
FNDA:0,(anonymous_2)
FNDA:0,(anonymous_3)
DA:1,0
DA:2,0
DA:3,0
DA:5,0
DA:15,0
DA:17,0
DA:18,0
DA:19,0
DA:22,0
DA:23,0
DA:24,0
DA:25,0
DA:26,0
DA:29,0
DA:30,0
DA:31,0
DA:32,0
DA:36,0
LF:18
LH:0
BRF:0
BRH:0
end_of_record
TN:
SF:src/redux/reducers/otpSlice.tsx
FN:14,(anonymous_0)
FN:16,(anonymous_1)
FN:21,(anonymous_2)
FN:29,(anonymous_3)
FNF:4
FNH:0
FNDA:0,(anonymous_0)
FNDA:0,(anonymous_1)
FNDA:0,(anonymous_2)
FNDA:0,(anonymous_3)
DA:1,0
DA:2,0
DA:3,0
DA:5,0
DA:15,0
DA:17,0
DA:18,0
DA:19,0
DA:22,0
DA:23,0
DA:24,0
DA:25,0
DA:26,0
DA:27,0
DA:30,0
DA:31,0
DA:32,0
DA:33,0
DA:37,0
LF:19
LH:0
BRF:0
BRH:0
end_of_record
TN:
SF:src/redux/reducers/vendorSlice.tsx
FN:15,(anonymous_0)
FN:17,(anonymous_1)
FN:21,(anonymous_2)
FN:27,(anonymous_3)
FNF:4
FNH:0
FNDA:0,(anonymous_0)
FNDA:0,(anonymous_1)
FNDA:0,(anonymous_2)
FNDA:0,(anonymous_3)
DA:1,0
DA:2,0
DA:3,0
DA:5,0
DA:11,0
DA:16,0
DA:18,0
DA:19,0
DA:22,0
DA:23,0
DA:24,0
DA:25,0
DA:28,0
DA:29,0
DA:30,0
DA:35,0
LF:16
LH:0
BRF:0
BRH:0
end_of_record
TN:
SF:src/redux/store/Store.tsx
FNF:0
FNH:0
DA:1,0
DA:2,0
DA:3,0
DA:4,0
DA:5,0
DA:6,0
DA:14,0
LF:7
LH:0
BRF:0
BRH:0
end_of_record
TN:
SF:src/stories/Button.stories.ts
FNF:0
FNH:0
DA:3,0
DA:6,0
DA:15,0
DA:19,0
DA:26,0
DA:32,0
DA:39,0
LF:7
LH:0
BRF:0
BRH:0
end_of_record
TN:
SF:src/stories/Button.tsx
FN:30,(anonymous_0)
FNF:1
FNH:0
FNDA:0,(anonymous_0)
DA:2,0
DA:30,0
DA:37,0
DA:38,0
LF:4
LH:0
BRDA:31,0,0,0
BRDA:32,1,0,0
BRDA:37,2,0,0
BRDA:37,2,1,0
BRF:4
BRH:0
end_of_record
TN:
SF:src/stories/Header.stories.ts
FNF:0
FNH:0
DA:2,0
DA:4,0
DA:15,0
DA:18,0
DA:26,0
LF:5
LH:0
BRF:0
BRH:0
end_of_record
TN:
SF:src/stories/Header.tsx
FN:17,(anonymous_0)
FNF:1
FNH:0
FNDA:0,(anonymous_0)
DA:3,0
DA:4,0
DA:17,0
DA:18,0
LF:4
LH:0
BRDA:40,0,0,0
BRDA:40,0,1,0
BRF:2
BRH:0
end_of_record
TN:
SF:src/stories/Page.stories.ts
FN:22,(anonymous_0)
FNF:1
FNH:0
FNDA:0,(anonymous_0)
DA:2,0
DA:4,0
DA:6,0
DA:15,0
DA:18,0
DA:21,0
DA:23,0
DA:24,0
DA:27,0
LF:9
LH:0
BRF:0
BRH:0
end_of_record
TN:
SF:src/stories/Page.tsx
FN:10,(anonymous_1)
FN:17,(anonymous_2)
FN:18,(anonymous_3)
FN:19,(anonymous_4)
FNF:4
FNH:0
FNDA:0,(anonymous_1)
FNDA:0,(anonymous_2)
FNDA:0,(anonymous_3)
FNDA:0,(anonymous_4)
DA:1,0
DA:3,0
DA:4,0
DA:10,0
DA:11,0
DA:13,0
DA:17,0
DA:18,0
DA:19,0
LF:9
LH:0
BRF:0
BRH:0
end_of_record
